<?xml version="1.0" encoding="UTF-8"?>
<TestRun id="a01b088a-ff0d-4adf-a909-cd6713484862" name="junji@JUNJI_IBM 2008-10-07 17:56:15" runUser="JUNJI_IBM\junji" xmlns="http://microsoft.com/schemas/VisualStudio/TeamTest/2006">
  <TestRunConfiguration name="ローカル テストの実行" id="f925b93b-19e8-42c9-be1f-07b649dddab7">
    <Description>これは、ローカル テストの実行に対する既定のテストの実行構成です。</Description>
    <Deployment runDeploymentRoot="C:\Documents and Settings\junji\My Documents\Visual Studio 2008\Projects\TLV\TestResults\junji_JUNJI_IBM 2008-10-07 17_56_15">
      <DeploymentItem filename="C:\Documents and Settings\junji\My Documents\Visual Studio 2008\Projects\TLV\Base\bin\Debug\NU.OJL.MPRTOS.TLV.Base.dll" />
      <DeploymentItem filename="C:\Documents and Settings\junji\My Documents\Visual Studio 2008\Projects\TLV\Core\bin\Debug\NU.OJL.MPRTOS.TLV.Core.dll" />
      <DeploymentItem filename="C:\Documents and Settings\junji\My Documents\Visual Studio 2008\Projects\TLV\TLV\bin\Debug\NU.OJL.MPRTOS.TLV.exe" />
      <DeploymentItem filename="C:\Documents and Settings\junji\My Documents\Visual Studio 2008\Projects\TLV\Third\bin\Debug\NU.OJL.MPRTOS.TLV.Third.dll" />
    </Deployment>
    <TestTypeSpecific />
  </TestRunConfiguration>
  <ResultSummary outcome="Completed">
    <Counters total="17" executed="17" passed="17" error="0" failed="0" timeout="0" aborted="0" inconclusive="0" passedButRunAborted="0" notRunnable="0" notExecuted="0" disconnected="0" warning="0" completed="0" inProgress="0" pending="0" />
  </ResultSummary>
  <Times creation="2008-10-07T17:56:15.8593750+09:00" queuing="2008-10-07T17:56:17.2187500+09:00" start="2008-10-07T17:56:17.5937500+09:00" finish="2008-10-07T17:56:20.4062500+09:00" />
  <TestDefinitions>
    <UnitTest name="ShowAllSubWindowsTest" storage="c:\documents and settings\junji\my documents\visual studio 2008\projects\tlv\test\bin\debug\nu.ojl.mprtos.tlv.test.dll" id="70eb10c6-60d6-1aed-113b-d8ddd59c7274">
      <Css projectStructure="" iteration="" />
      <Owners>
        <Owner name="" />
      </Owners>
      <Execution id="4025225d-9682-4897-b1f7-f62ea4e8c623" />
      <TestMethod codeBase="C:\Documents and Settings\junji\My Documents\Visual Studio 2008\Projects\TLV\Test\bin\Debug\NU.OJL.MPRTOS.TLV.Test.dll" adapterTypeName="Microsoft.VisualStudio.TestTools.TestTypes.Unit.UnitTestAdapter, Microsoft.VisualStudio.QualityTools.Tips.UnitTest.Adapter, Version=9.0.0.0, Culture=neutral, PublicKeyToken=b03f5f7f11d50a3a" className="NU.OJL.MPRTOS.TLV.Test.WindowManagerTest, NU.OJL.MPRTOS.TLV.Test" name="ShowAllSubWindowsTest" />
    </UnitTest>
    <UnitTest name="GetSubWindowTest" storage="c:\documents and settings\junji\my documents\visual studio 2008\projects\tlv\test\bin\debug\nu.ojl.mprtos.tlv.test.dll" id="ffdba880-057c-4a34-89d4-85578df4a8d0">
      <Css projectStructure="" iteration="" />
      <Owners>
        <Owner name="" />
      </Owners>
      <Execution id="52610856-8954-4132-b227-d4380261f30c" />
      <TestMethod codeBase="C:\Documents and Settings\junji\My Documents\Visual Studio 2008\Projects\TLV\Test\bin\Debug\NU.OJL.MPRTOS.TLV.Test.dll" adapterTypeName="Microsoft.VisualStudio.TestTools.TestTypes.Unit.UnitTestAdapter, Microsoft.VisualStudio.QualityTools.Tips.UnitTest.Adapter, Version=9.0.0.0, Culture=neutral, PublicKeyToken=b03f5f7f11d50a3a" className="NU.OJL.MPRTOS.TLV.Test.WindowManagerTest, NU.OJL.MPRTOS.TLV.Test" name="GetSubWindowTest" />
    </UnitTest>
    <UnitTest name="HideSubWindowTest" storage="c:\documents and settings\junji\my documents\visual studio 2008\projects\tlv\test\bin\debug\nu.ojl.mprtos.tlv.test.dll" id="ee373636-ec40-9dc5-890d-b66b2ccb8eb4">
      <Css projectStructure="" iteration="" />
      <Owners>
        <Owner name="" />
      </Owners>
      <Execution id="d7c31462-3ab9-485f-ab79-daa5643e76fc" />
      <TestMethod codeBase="C:\Documents and Settings\junji\My Documents\Visual Studio 2008\Projects\TLV\Test\bin\Debug\NU.OJL.MPRTOS.TLV.Test.dll" adapterTypeName="Microsoft.VisualStudio.TestTools.TestTypes.Unit.UnitTestAdapter, Microsoft.VisualStudio.QualityTools.Tips.UnitTest.Adapter, Version=9.0.0.0, Culture=neutral, PublicKeyToken=b03f5f7f11d50a3a" className="NU.OJL.MPRTOS.TLV.Test.WindowManagerTest, NU.OJL.MPRTOS.TLV.Test" name="HideSubWindowTest" />
    </UnitTest>
    <UnitTest name="サブウィンドウの非表示" storage="c:\documents and settings\junji\my documents\visual studio 2008\projects\tlv\test\bin\debug\nu.ojl.mprtos.tlv.test.dll" id="d444c8ef-7a85-3095-10e2-a34420f25e87">
      <Css projectStructure="" iteration="" />
      <Owners>
        <Owner name="" />
      </Owners>
      <Execution id="51e07d8b-c302-40ac-90e5-98a95a6d9fc4" />
      <TestMethod codeBase="C:\Documents and Settings\junji\My Documents\Visual Studio 2008\Projects\TLV\Test\bin\Debug\NU.OJL.MPRTOS.TLV.Test.dll" adapterTypeName="Microsoft.VisualStudio.TestTools.TestTypes.Unit.UnitTestAdapter, Microsoft.VisualStudio.QualityTools.Tips.UnitTest.Adapter, Version=9.0.0.0, Culture=neutral, PublicKeyToken=b03f5f7f11d50a3a" className="NU.OJL.MPRTOS.TLV.Test.サブウィンドウ管理, NU.OJL.MPRTOS.TLV.Test" name="サブウィンドウの非表示" />
    </UnitTest>
    <UnitTest name="ParentTest" storage="c:\documents and settings\junji\my documents\visual studio 2008\projects\tlv\test\bin\debug\nu.ojl.mprtos.tlv.test.dll" id="e0b78af8-8a90-007d-2a79-f225969e57da">
      <Css projectStructure="" iteration="" />
      <Owners>
        <Owner name="" />
      </Owners>
      <Execution id="892fa997-9aa0-4552-a43f-21137abdb39c" />
      <TestMethod codeBase="C:\Documents and Settings\junji\My Documents\Visual Studio 2008\Projects\TLV\Test\bin\Debug\NU.OJL.MPRTOS.TLV.Test.dll" adapterTypeName="Microsoft.VisualStudio.TestTools.TestTypes.Unit.UnitTestAdapter, Microsoft.VisualStudio.QualityTools.Tips.UnitTest.Adapter, Version=9.0.0.0, Culture=neutral, PublicKeyToken=b03f5f7f11d50a3a" className="NU.OJL.MPRTOS.TLV.Test.WindowManagerTest, NU.OJL.MPRTOS.TLV.Test" name="ParentTest" />
    </UnitTest>
    <UnitTest name="サブウィンドウ追加" storage="c:\documents and settings\junji\my documents\visual studio 2008\projects\tlv\test\bin\debug\nu.ojl.mprtos.tlv.test.dll" id="ac1d43a1-22f1-2535-f494-f576f97bdc87">
      <Css projectStructure="" iteration="" />
      <Owners>
        <Owner name="" />
      </Owners>
      <Execution id="2fab092f-b3d4-4306-bfa0-718a9fd2f95a" />
      <TestMethod codeBase="C:\Documents and Settings\junji\My Documents\Visual Studio 2008\Projects\TLV\Test\bin\Debug\NU.OJL.MPRTOS.TLV.Test.dll" adapterTypeName="Microsoft.VisualStudio.TestTools.TestTypes.Unit.UnitTestAdapter, Microsoft.VisualStudio.QualityTools.Tips.UnitTest.Adapter, Version=9.0.0.0, Culture=neutral, PublicKeyToken=b03f5f7f11d50a3a" className="NU.OJL.MPRTOS.TLV.Test.サブウィンドウ管理, NU.OJL.MPRTOS.TLV.Test" name="サブウィンドウ追加" />
    </UnitTest>
    <UnitTest name="AutoHideAllSubWindowsTest" storage="c:\documents and settings\junji\my documents\visual studio 2008\projects\tlv\test\bin\debug\nu.ojl.mprtos.tlv.test.dll" id="26208305-4ee1-2bbf-668b-a2a6096ba9af">
      <Css projectStructure="" iteration="" />
      <Owners>
        <Owner name="" />
      </Owners>
      <Execution id="2ce006b6-68d6-4dc0-ae29-7d296f0f4835" />
      <TestMethod codeBase="C:\Documents and Settings\junji\My Documents\Visual Studio 2008\Projects\TLV\Test\bin\Debug\NU.OJL.MPRTOS.TLV.Test.dll" adapterTypeName="Microsoft.VisualStudio.TestTools.TestTypes.Unit.UnitTestAdapter, Microsoft.VisualStudio.QualityTools.Tips.UnitTest.Adapter, Version=9.0.0.0, Culture=neutral, PublicKeyToken=b03f5f7f11d50a3a" className="NU.OJL.MPRTOS.TLV.Test.WindowManagerTest, NU.OJL.MPRTOS.TLV.Test" name="AutoHideAllSubWindowsTest" />
    </UnitTest>
    <UnitTest name="ContainSubWindowTest" storage="c:\documents and settings\junji\my documents\visual studio 2008\projects\tlv\test\bin\debug\nu.ojl.mprtos.tlv.test.dll" id="51decc5c-6228-095a-884b-129b1a3a4f2f">
      <Css projectStructure="" iteration="" />
      <Owners>
        <Owner name="" />
      </Owners>
      <Execution id="710ca326-732e-4365-87b8-4384a28cc5cf" />
      <TestMethod codeBase="C:\Documents and Settings\junji\My Documents\Visual Studio 2008\Projects\TLV\Test\bin\Debug\NU.OJL.MPRTOS.TLV.Test.dll" adapterTypeName="Microsoft.VisualStudio.TestTools.TestTypes.Unit.UnitTestAdapter, Microsoft.VisualStudio.QualityTools.Tips.UnitTest.Adapter, Version=9.0.0.0, Culture=neutral, PublicKeyToken=b03f5f7f11d50a3a" className="NU.OJL.MPRTOS.TLV.Test.WindowManagerTest, NU.OJL.MPRTOS.TLV.Test" name="ContainSubWindowTest" />
    </UnitTest>
    <UnitTest name="ShowSubWindowTest" storage="c:\documents and settings\junji\my documents\visual studio 2008\projects\tlv\test\bin\debug\nu.ojl.mprtos.tlv.test.dll" id="16022dc8-380a-68ca-eea4-0f5d6bc43397">
      <Css projectStructure="" iteration="" />
      <Owners>
        <Owner name="" />
      </Owners>
      <Execution id="5c11e488-b388-4e08-a0a3-97cd17b2ebe4" />
      <TestMethod codeBase="C:\Documents and Settings\junji\My Documents\Visual Studio 2008\Projects\TLV\Test\bin\Debug\NU.OJL.MPRTOS.TLV.Test.dll" adapterTypeName="Microsoft.VisualStudio.TestTools.TestTypes.Unit.UnitTestAdapter, Microsoft.VisualStudio.QualityTools.Tips.UnitTest.Adapter, Version=9.0.0.0, Culture=neutral, PublicKeyToken=b03f5f7f11d50a3a" className="NU.OJL.MPRTOS.TLV.Test.WindowManagerTest, NU.OJL.MPRTOS.TLV.Test" name="ShowSubWindowTest" />
    </UnitTest>
    <UnitTest name="HideAllSubWindowsTest" storage="c:\documents and settings\junji\my documents\visual studio 2008\projects\tlv\test\bin\debug\nu.ojl.mprtos.tlv.test.dll" id="3e348342-8790-e31d-abb3-3ec459875f94">
      <Css projectStructure="" iteration="" />
      <Owners>
        <Owner name="" />
      </Owners>
      <Execution id="d616f911-23f6-40f9-8989-a5b4ac672e07" />
      <TestMethod codeBase="C:\Documents and Settings\junji\My Documents\Visual Studio 2008\Projects\TLV\Test\bin\Debug\NU.OJL.MPRTOS.TLV.Test.dll" adapterTypeName="Microsoft.VisualStudio.TestTools.TestTypes.Unit.UnitTestAdapter, Microsoft.VisualStudio.QualityTools.Tips.UnitTest.Adapter, Version=9.0.0.0, Culture=neutral, PublicKeyToken=b03f5f7f11d50a3a" className="NU.OJL.MPRTOS.TLV.Test.WindowManagerTest, NU.OJL.MPRTOS.TLV.Test" name="HideAllSubWindowsTest" />
    </UnitTest>
    <UnitTest name="SubWindowsTest" storage="c:\documents and settings\junji\my documents\visual studio 2008\projects\tlv\test\bin\debug\nu.ojl.mprtos.tlv.test.dll" id="ac0a3c32-c791-d575-1a12-d85639611058">
      <Css projectStructure="" iteration="" />
      <Owners>
        <Owner name="" />
      </Owners>
      <Execution id="c3ce9ece-c4f8-4d76-adfa-069defb6f27a" />
      <TestMethod codeBase="C:\Documents and Settings\junji\My Documents\Visual Studio 2008\Projects\TLV\Test\bin\Debug\NU.OJL.MPRTOS.TLV.Test.dll" adapterTypeName="Microsoft.VisualStudio.TestTools.TestTypes.Unit.UnitTestAdapter, Microsoft.VisualStudio.QualityTools.Tips.UnitTest.Adapter, Version=9.0.0.0, Culture=neutral, PublicKeyToken=b03f5f7f11d50a3a" className="NU.OJL.MPRTOS.TLV.Test.WindowManagerTest, NU.OJL.MPRTOS.TLV.Test" name="SubWindowsTest" />
    </UnitTest>
    <UnitTest name="SubWindowCountTest" storage="c:\documents and settings\junji\my documents\visual studio 2008\projects\tlv\test\bin\debug\nu.ojl.mprtos.tlv.test.dll" id="4366fb21-f797-41ea-f9fa-67661cbd8930">
      <Css projectStructure="" iteration="" />
      <Owners>
        <Owner name="" />
      </Owners>
      <Execution id="c18d1e67-d860-481e-a455-e02fa093bb8a" />
      <TestMethod codeBase="C:\Documents and Settings\junji\My Documents\Visual Studio 2008\Projects\TLV\Test\bin\Debug\NU.OJL.MPRTOS.TLV.Test.dll" adapterTypeName="Microsoft.VisualStudio.TestTools.TestTypes.Unit.UnitTestAdapter, Microsoft.VisualStudio.QualityTools.Tips.UnitTest.Adapter, Version=9.0.0.0, Culture=neutral, PublicKeyToken=b03f5f7f11d50a3a" className="NU.OJL.MPRTOS.TLV.Test.WindowManagerTest, NU.OJL.MPRTOS.TLV.Test" name="SubWindowCountTest" />
    </UnitTest>
    <UnitTest name="MenuTest" storage="c:\documents and settings\junji\my documents\visual studio 2008\projects\tlv\test\bin\debug\nu.ojl.mprtos.tlv.test.dll" id="0db950f3-3573-bde6-cda3-b5cc9f170adc">
      <Css projectStructure="" iteration="" />
      <Owners>
        <Owner name="" />
      </Owners>
      <Execution id="65162c21-5cc1-4706-85f7-0986469cd0a7" />
      <TestMethod codeBase="C:\Documents and Settings\junji\My Documents\Visual Studio 2008\Projects\TLV\Test\bin\Debug\NU.OJL.MPRTOS.TLV.Test.dll" adapterTypeName="Microsoft.VisualStudio.TestTools.TestTypes.Unit.UnitTestAdapter, Microsoft.VisualStudio.QualityTools.Tips.UnitTest.Adapter, Version=9.0.0.0, Culture=neutral, PublicKeyToken=b03f5f7f11d50a3a" className="NU.OJL.MPRTOS.TLV.Test.WindowManagerTest, NU.OJL.MPRTOS.TLV.Test" name="MenuTest" />
    </UnitTest>
    <UnitTest name="AddSubWindowTest" storage="c:\documents and settings\junji\my documents\visual studio 2008\projects\tlv\test\bin\debug\nu.ojl.mprtos.tlv.test.dll" id="f1cfe9b5-f467-e939-f956-35e0d791843c">
      <Css projectStructure="" iteration="" />
      <Owners>
        <Owner name="" />
      </Owners>
      <Execution id="ec15ad75-cebb-49d0-8c4c-8c9849cfa001" />
      <TestMethod codeBase="C:\Documents and Settings\junji\My Documents\Visual Studio 2008\Projects\TLV\Test\bin\Debug\NU.OJL.MPRTOS.TLV.Test.dll" adapterTypeName="Microsoft.VisualStudio.TestTools.TestTypes.Unit.UnitTestAdapter, Microsoft.VisualStudio.QualityTools.Tips.UnitTest.Adapter, Version=9.0.0.0, Culture=neutral, PublicKeyToken=b03f5f7f11d50a3a" className="NU.OJL.MPRTOS.TLV.Test.WindowManagerTest, NU.OJL.MPRTOS.TLV.Test" name="AddSubWindowTest" />
    </UnitTest>
    <UnitTest name="サブウィンドウの表示" storage="c:\documents and settings\junji\my documents\visual studio 2008\projects\tlv\test\bin\debug\nu.ojl.mprtos.tlv.test.dll" id="7c7d94e0-f4e5-0a1c-9114-cccf6ff5ef63">
      <Css projectStructure="" iteration="" />
      <Owners>
        <Owner name="" />
      </Owners>
      <Execution id="09276905-4c7a-476f-92a8-919d42edccfe" />
      <TestMethod codeBase="C:\Documents and Settings\junji\My Documents\Visual Studio 2008\Projects\TLV\Test\bin\Debug\NU.OJL.MPRTOS.TLV.Test.dll" adapterTypeName="Microsoft.VisualStudio.TestTools.TestTypes.Unit.UnitTestAdapter, Microsoft.VisualStudio.QualityTools.Tips.UnitTest.Adapter, Version=9.0.0.0, Culture=neutral, PublicKeyToken=b03f5f7f11d50a3a" className="NU.OJL.MPRTOS.TLV.Test.サブウィンドウ管理, NU.OJL.MPRTOS.TLV.Test" name="サブウィンドウの表示" />
    </UnitTest>
    <UnitTest name="MainPanelTest" storage="c:\documents and settings\junji\my documents\visual studio 2008\projects\tlv\test\bin\debug\nu.ojl.mprtos.tlv.test.dll" id="13217adb-c851-e01b-9aa8-9f7189360a63">
      <Css projectStructure="" iteration="" />
      <Owners>
        <Owner name="" />
      </Owners>
      <Execution id="e0ae607b-02f9-485f-9eb2-b2036b667362" />
      <TestMethod codeBase="C:\Documents and Settings\junji\My Documents\Visual Studio 2008\Projects\TLV\Test\bin\Debug\NU.OJL.MPRTOS.TLV.Test.dll" adapterTypeName="Microsoft.VisualStudio.TestTools.TestTypes.Unit.UnitTestAdapter, Microsoft.VisualStudio.QualityTools.Tips.UnitTest.Adapter, Version=9.0.0.0, Culture=neutral, PublicKeyToken=b03f5f7f11d50a3a" className="NU.OJL.MPRTOS.TLV.Test.WindowManagerTest, NU.OJL.MPRTOS.TLV.Test" name="MainPanelTest" />
    </UnitTest>
    <UnitTest name="AutoHideSubWindowTest" storage="c:\documents and settings\junji\my documents\visual studio 2008\projects\tlv\test\bin\debug\nu.ojl.mprtos.tlv.test.dll" id="c5fa65bd-7703-1d30-62d5-192694180686">
      <Css projectStructure="" iteration="" />
      <Owners>
        <Owner name="" />
      </Owners>
      <Execution id="48c55cb8-8d88-4285-9ba0-bfbae2d344f9" />
      <TestMethod codeBase="C:\Documents and Settings\junji\My Documents\Visual Studio 2008\Projects\TLV\Test\bin\Debug\NU.OJL.MPRTOS.TLV.Test.dll" adapterTypeName="Microsoft.VisualStudio.TestTools.TestTypes.Unit.UnitTestAdapter, Microsoft.VisualStudio.QualityTools.Tips.UnitTest.Adapter, Version=9.0.0.0, Culture=neutral, PublicKeyToken=b03f5f7f11d50a3a" className="NU.OJL.MPRTOS.TLV.Test.WindowManagerTest, NU.OJL.MPRTOS.TLV.Test" name="AutoHideSubWindowTest" />
    </UnitTest>
  </TestDefinitions>
  <TestLists>
    <TestList name="一覧に存在しない結果" id="8c84fa94-04c1-424b-9868-57a2d4851a1d" />
    <TestList name="読み込まれたすべての結果" id="19431567-8539-422a-85d7-44ee4e166bda" />
  </TestLists>
  <TestEntries>
    <TestEntry testId="0db950f3-3573-bde6-cda3-b5cc9f170adc" executionId="65162c21-5cc1-4706-85f7-0986469cd0a7" testListId="8c84fa94-04c1-424b-9868-57a2d4851a1d" />
    <TestEntry testId="13217adb-c851-e01b-9aa8-9f7189360a63" executionId="e0ae607b-02f9-485f-9eb2-b2036b667362" testListId="8c84fa94-04c1-424b-9868-57a2d4851a1d" />
    <TestEntry testId="16022dc8-380a-68ca-eea4-0f5d6bc43397" executionId="5c11e488-b388-4e08-a0a3-97cd17b2ebe4" testListId="8c84fa94-04c1-424b-9868-57a2d4851a1d" />
    <TestEntry testId="26208305-4ee1-2bbf-668b-a2a6096ba9af" executionId="2ce006b6-68d6-4dc0-ae29-7d296f0f4835" testListId="8c84fa94-04c1-424b-9868-57a2d4851a1d" />
    <TestEntry testId="3e348342-8790-e31d-abb3-3ec459875f94" executionId="d616f911-23f6-40f9-8989-a5b4ac672e07" testListId="8c84fa94-04c1-424b-9868-57a2d4851a1d" />
    <TestEntry testId="4366fb21-f797-41ea-f9fa-67661cbd8930" executionId="c18d1e67-d860-481e-a455-e02fa093bb8a" testListId="8c84fa94-04c1-424b-9868-57a2d4851a1d" />
    <TestEntry testId="51decc5c-6228-095a-884b-129b1a3a4f2f" executionId="710ca326-732e-4365-87b8-4384a28cc5cf" testListId="8c84fa94-04c1-424b-9868-57a2d4851a1d" />
    <TestEntry testId="70eb10c6-60d6-1aed-113b-d8ddd59c7274" executionId="4025225d-9682-4897-b1f7-f62ea4e8c623" testListId="8c84fa94-04c1-424b-9868-57a2d4851a1d" />
    <TestEntry testId="7c7d94e0-f4e5-0a1c-9114-cccf6ff5ef63" executionId="09276905-4c7a-476f-92a8-919d42edccfe" testListId="8c84fa94-04c1-424b-9868-57a2d4851a1d" />
    <TestEntry testId="ac0a3c32-c791-d575-1a12-d85639611058" executionId="c3ce9ece-c4f8-4d76-adfa-069defb6f27a" testListId="8c84fa94-04c1-424b-9868-57a2d4851a1d" />
    <TestEntry testId="ac1d43a1-22f1-2535-f494-f576f97bdc87" executionId="2fab092f-b3d4-4306-bfa0-718a9fd2f95a" testListId="8c84fa94-04c1-424b-9868-57a2d4851a1d" />
    <TestEntry testId="c5fa65bd-7703-1d30-62d5-192694180686" executionId="48c55cb8-8d88-4285-9ba0-bfbae2d344f9" testListId="8c84fa94-04c1-424b-9868-57a2d4851a1d" />
    <TestEntry testId="d444c8ef-7a85-3095-10e2-a34420f25e87" executionId="51e07d8b-c302-40ac-90e5-98a95a6d9fc4" testListId="8c84fa94-04c1-424b-9868-57a2d4851a1d" />
    <TestEntry testId="e0b78af8-8a90-007d-2a79-f225969e57da" executionId="892fa997-9aa0-4552-a43f-21137abdb39c" testListId="8c84fa94-04c1-424b-9868-57a2d4851a1d" />
    <TestEntry testId="ee373636-ec40-9dc5-890d-b66b2ccb8eb4" executionId="d7c31462-3ab9-485f-ab79-daa5643e76fc" testListId="8c84fa94-04c1-424b-9868-57a2d4851a1d" />
    <TestEntry testId="f1cfe9b5-f467-e939-f956-35e0d791843c" executionId="ec15ad75-cebb-49d0-8c4c-8c9849cfa001" testListId="8c84fa94-04c1-424b-9868-57a2d4851a1d" />
    <TestEntry testId="ffdba880-057c-4a34-89d4-85578df4a8d0" executionId="52610856-8954-4132-b227-d4380261f30c" testListId="8c84fa94-04c1-424b-9868-57a2d4851a1d" />
  </TestEntries>
  <Results>
    <UnitTestResult executionId="65162c21-5cc1-4706-85f7-0986469cd0a7" testId="0db950f3-3573-bde6-cda3-b5cc9f170adc" testName="MenuTest" computerName="JUNJI_IBM" duration="00:00:00.4189339" startTime="2008-10-07T17:56:17.6718750+09:00" endTime="2008-10-07T17:56:18.4062500+09:00" testType="13cdc9d9-ddb5-4fa4-a97d-d965ccfc6d4b" outcome="Passed" testListId="8c84fa94-04c1-424b-9868-57a2d4851a1d">
      <Output>
      </Output>
    </UnitTestResult>
    <UnitTestResult executionId="e0ae607b-02f9-485f-9eb2-b2036b667362" testId="13217adb-c851-e01b-9aa8-9f7189360a63" testName="MainPanelTest" computerName="JUNJI_IBM" duration="00:00:00.3450139" startTime="2008-10-07T17:56:18.4062500+09:00" endTime="2008-10-07T17:56:18.7656250+09:00" testType="13cdc9d9-ddb5-4fa4-a97d-d965ccfc6d4b" outcome="Passed" testListId="8c84fa94-04c1-424b-9868-57a2d4851a1d">
      <Output>
      </Output>
    </UnitTestResult>
    <UnitTestResult executionId="5c11e488-b388-4e08-a0a3-97cd17b2ebe4" testId="16022dc8-380a-68ca-eea4-0f5d6bc43397" testName="ShowSubWindowTest" computerName="JUNJI_IBM" duration="00:00:00.0541602" startTime="2008-10-07T17:56:18.7656250+09:00" endTime="2008-10-07T17:56:18.8125000+09:00" testType="13cdc9d9-ddb5-4fa4-a97d-d965ccfc6d4b" outcome="Passed" testListId="8c84fa94-04c1-424b-9868-57a2d4851a1d">
      <Output>
      </Output>
    </UnitTestResult>
    <UnitTestResult executionId="2ce006b6-68d6-4dc0-ae29-7d296f0f4835" testId="26208305-4ee1-2bbf-668b-a2a6096ba9af" testName="AutoHideAllSubWindowsTest" computerName="JUNJI_IBM" duration="00:00:00.1917187" startTime="2008-10-07T17:56:18.8281250+09:00" endTime="2008-10-07T17:56:19.0312500+09:00" testType="13cdc9d9-ddb5-4fa4-a97d-d965ccfc6d4b" outcome="Passed" testListId="8c84fa94-04c1-424b-9868-57a2d4851a1d">
      <Output>
      </Output>
    </UnitTestResult>
    <UnitTestResult executionId="d616f911-23f6-40f9-8989-a5b4ac672e07" testId="3e348342-8790-e31d-abb3-3ec459875f94" testName="HideAllSubWindowsTest" computerName="JUNJI_IBM" duration="00:00:00.1288999" startTime="2008-10-07T17:56:19.0312500+09:00" endTime="2008-10-07T17:56:19.1562500+09:00" testType="13cdc9d9-ddb5-4fa4-a97d-d965ccfc6d4b" outcome="Passed" testListId="8c84fa94-04c1-424b-9868-57a2d4851a1d">
      <Output>
      </Output>
    </UnitTestResult>
    <UnitTestResult executionId="c18d1e67-d860-481e-a455-e02fa093bb8a" testId="4366fb21-f797-41ea-f9fa-67661cbd8930" testName="SubWindowCountTest" computerName="JUNJI_IBM" duration="00:00:00.0934602" startTime="2008-10-07T17:56:19.1562500+09:00" endTime="2008-10-07T17:56:19.2656250+09:00" testType="13cdc9d9-ddb5-4fa4-a97d-d965ccfc6d4b" outcome="Passed" testListId="8c84fa94-04c1-424b-9868-57a2d4851a1d">
      <Output>
      </Output>
    </UnitTestResult>
    <UnitTestResult executionId="710ca326-732e-4365-87b8-4384a28cc5cf" testId="51decc5c-6228-095a-884b-129b1a3a4f2f" testName="ContainSubWindowTest" computerName="JUNJI_IBM" duration="00:00:00.0173611" startTime="2008-10-07T17:56:19.2656250+09:00" endTime="2008-10-07T17:56:19.2812500+09:00" testType="13cdc9d9-ddb5-4fa4-a97d-d965ccfc6d4b" outcome="Passed" testListId="8c84fa94-04c1-424b-9868-57a2d4851a1d">
      <Output>
      </Output>
    </UnitTestResult>
    <UnitTestResult executionId="4025225d-9682-4897-b1f7-f62ea4e8c623" testId="70eb10c6-60d6-1aed-113b-d8ddd59c7274" testName="ShowAllSubWindowsTest" computerName="JUNJI_IBM" duration="00:00:00.1382323" startTime="2008-10-07T17:56:19.2812500+09:00" endTime="2008-10-07T17:56:19.4218750+09:00" testType="13cdc9d9-ddb5-4fa4-a97d-d965ccfc6d4b" outcome="Passed" testListId="8c84fa94-04c1-424b-9868-57a2d4851a1d">
      <Output>
      </Output>
    </UnitTestResult>
    <UnitTestResult executionId="09276905-4c7a-476f-92a8-919d42edccfe" testId="7c7d94e0-f4e5-0a1c-9114-cccf6ff5ef63" testName="サブウィンドウの表示" computerName="JUNJI_IBM" duration="00:00:00.1760212" startTime="2008-10-07T17:56:19.4218750+09:00" endTime="2008-10-07T17:56:19.6093750+09:00" testType="13cdc9d9-ddb5-4fa4-a97d-d965ccfc6d4b" outcome="Passed" testListId="8c84fa94-04c1-424b-9868-57a2d4851a1d">
      <Output>
      </Output>
    </UnitTestResult>
    <UnitTestResult executionId="c3ce9ece-c4f8-4d76-adfa-069defb6f27a" testId="ac0a3c32-c791-d575-1a12-d85639611058" testName="SubWindowsTest" computerName="JUNJI_IBM" duration="00:00:00.1162069" startTime="2008-10-07T17:56:19.6093750+09:00" endTime="2008-10-07T17:56:19.7343750+09:00" testType="13cdc9d9-ddb5-4fa4-a97d-d965ccfc6d4b" outcome="Passed" testListId="8c84fa94-04c1-424b-9868-57a2d4851a1d">
      <Output>
      </Output>
    </UnitTestResult>
    <UnitTestResult executionId="2fab092f-b3d4-4306-bfa0-718a9fd2f95a" testId="ac1d43a1-22f1-2535-f494-f576f97bdc87" testName="サブウィンドウ追加" computerName="JUNJI_IBM" duration="00:00:00.1175587" startTime="2008-10-07T17:56:19.7343750+09:00" endTime="2008-10-07T17:56:19.8593750+09:00" testType="13cdc9d9-ddb5-4fa4-a97d-d965ccfc6d4b" outcome="Passed" testListId="8c84fa94-04c1-424b-9868-57a2d4851a1d">
      <Output>
      </Output>
    </UnitTestResult>
    <UnitTestResult executionId="48c55cb8-8d88-4285-9ba0-bfbae2d344f9" testId="c5fa65bd-7703-1d30-62d5-192694180686" testName="AutoHideSubWindowTest" computerName="JUNJI_IBM" duration="00:00:00.1574722" startTime="2008-10-07T17:56:19.8750000+09:00" endTime="2008-10-07T17:56:20.0312500+09:00" testType="13cdc9d9-ddb5-4fa4-a97d-d965ccfc6d4b" outcome="Passed" testListId="8c84fa94-04c1-424b-9868-57a2d4851a1d">
      <Output>
      </Output>
    </UnitTestResult>
    <UnitTestResult executionId="51e07d8b-c302-40ac-90e5-98a95a6d9fc4" testId="d444c8ef-7a85-3095-10e2-a34420f25e87" testName="サブウィンドウの非表示" computerName="JUNJI_IBM" duration="00:00:00.1327462" startTime="2008-10-07T17:56:20.0312500+09:00" endTime="2008-10-07T17:56:20.1718750+09:00" testType="13cdc9d9-ddb5-4fa4-a97d-d965ccfc6d4b" outcome="Passed" testListId="8c84fa94-04c1-424b-9868-57a2d4851a1d">
      <Output>
      </Output>
    </UnitTestResult>
    <UnitTestResult executionId="892fa997-9aa0-4552-a43f-21137abdb39c" testId="e0b78af8-8a90-007d-2a79-f225969e57da" testName="ParentTest" computerName="JUNJI_IBM" duration="00:00:00.0052813" startTime="2008-10-07T17:56:20.1718750+09:00" endTime="2008-10-07T17:56:20.1875000+09:00" testType="13cdc9d9-ddb5-4fa4-a97d-d965ccfc6d4b" outcome="Passed" testListId="8c84fa94-04c1-424b-9868-57a2d4851a1d">
      <Output>
      </Output>
    </UnitTestResult>
    <UnitTestResult executionId="d7c31462-3ab9-485f-ab79-daa5643e76fc" testId="ee373636-ec40-9dc5-890d-b66b2ccb8eb4" testName="HideSubWindowTest" computerName="JUNJI_IBM" duration="00:00:00.0194407" startTime="2008-10-07T17:56:20.1875000+09:00" endTime="2008-10-07T17:56:20.2031250+09:00" testType="13cdc9d9-ddb5-4fa4-a97d-d965ccfc6d4b" outcome="Passed" testListId="8c84fa94-04c1-424b-9868-57a2d4851a1d">
      <Output>
      </Output>
    </UnitTestResult>
    <UnitTestResult executionId="ec15ad75-cebb-49d0-8c4c-8c9849cfa001" testId="f1cfe9b5-f467-e939-f956-35e0d791843c" testName="AddSubWindowTest" computerName="JUNJI_IBM" duration="00:00:00.0814519" startTime="2008-10-07T17:56:20.2031250+09:00" endTime="2008-10-07T17:56:20.2968750+09:00" testType="13cdc9d9-ddb5-4fa4-a97d-d965ccfc6d4b" outcome="Passed" testListId="8c84fa94-04c1-424b-9868-57a2d4851a1d">
      <Output>
      </Output>
    </UnitTestResult>
    <UnitTestResult executionId="52610856-8954-4132-b227-d4380261f30c" testId="ffdba880-057c-4a34-89d4-85578df4a8d0" testName="GetSubWindowTest" computerName="JUNJI_IBM" duration="00:00:00.0185886" startTime="2008-10-07T17:56:20.2968750+09:00" endTime="2008-10-07T17:56:20.3125000+09:00" testType="13cdc9d9-ddb5-4fa4-a97d-d965ccfc6d4b" outcome="Passed" testListId="8c84fa94-04c1-424b-9868-57a2d4851a1d">
      <Output>
      </Output>
    </UnitTestResult>
  </Results>
</TestRun>