<?xml version="1.0" encoding="UTF-8"?>
<TestRun id="05bae37b-46d7-4be7-9074-688a6d2ee5e6" name="junji@JUNJI_IBM 2008-10-09 02:07:06" runUser="JUNJI_IBM\junji" xmlns="http://microsoft.com/schemas/VisualStudio/TeamTest/2006">
  <TestRunConfiguration name="ローカル テストの実行" id="f925b93b-19e8-42c9-be1f-07b649dddab7">
    <Description>これは、ローカル テストの実行に対する既定のテストの実行構成です。</Description>
    <Deployment runDeploymentRoot="C:\Documents and Settings\junji\My Documents\Visual Studio 2008\Projects\TLV\TestResults\junji_JUNJI_IBM 2008-10-09 02_07_06">
      <DeploymentItem filename="C:\Documents and Settings\junji\My Documents\Visual Studio 2008\Projects\TLV\Base\bin\Debug\NU.OJL.MPRTOS.TLV.Base.dll" />
      <DeploymentItem filename="C:\Documents and Settings\junji\My Documents\Visual Studio 2008\Projects\TLV\Core\bin\Debug\NU.OJL.MPRTOS.TLV.Core.dll" />
      <DeploymentItem filename="C:\Documents and Settings\junji\My Documents\Visual Studio 2008\Projects\TLV\TLV\bin\Debug\NU.OJL.MPRTOS.TLV.exe" />
      <DeploymentItem filename="C:\Documents and Settings\junji\My Documents\Visual Studio 2008\Projects\TLV\Third\bin\Debug\NU.OJL.MPRTOS.TLV.Third.dll" />
    </Deployment>
    <TestTypeSpecific />
  </TestRunConfiguration>
  <ResultSummary outcome="Error">
    <Counters total="17" executed="2" passed="2" error="0" failed="0" timeout="0" aborted="0" inconclusive="0" passedButRunAborted="0" notRunnable="0" notExecuted="14" disconnected="0" warning="0" completed="0" inProgress="0" pending="0" />
    <RunInfos>
      <RunInfo computerName="JUNJI_IBM" outcome="Error" timestamp="2008-10-09T02:08:14.2500000+09:00">
        <Text>テストの実行 'junji@JUNJI_IBM 2008-10-09 02:07:06' を停止できませんでした: ポートがビジー状態です。すべてのパイプ インスタンスがビジーです。
</Text>
        <Exception>System.Runtime.Remoting.RemotingException: ポートがビジー状態です。すべてのパイプ インスタンスがビジーです。


Server stack trace: 
   場所 System.Runtime.Remoting.Channels.Ipc.IpcPort.Connect(String portName, Boolean secure, TokenImpersonationLevel impersonationLevel, Int32 timeout)
   場所 System.Runtime.Remoting.Channels.Ipc.ConnectionCache.GetConnection(String portName, Boolean secure, TokenImpersonationLevel level, Int32 timeout)
   場所 System.Runtime.Remoting.Channels.Ipc.IpcClientTransportSink.ProcessMessage(IMessage msg, ITransportHeaders requestHeaders, Stream requestStream, ITransportHeaders&amp; responseHeaders, Stream&amp; responseStream)
   場所 System.Runtime.Remoting.Channels.BinaryClientFormatterSink.SyncProcessMessage(IMessage msg)

Exception rethrown at [0]: 
   場所 System.Runtime.Remoting.Proxies.RealProxy.HandleReturnMessage(IMessage reqMsg, IMessage retMsg)
   場所 System.Runtime.Remoting.Proxies.RealProxy.PrivateInvoke(MessageData&amp; msgData, Int32 type)
   場所 Microsoft.VisualStudio.TestTools.Controller.IControllerExecution.StopTestRun(Guid testRunId)
   場所 Microsoft.VisualStudio.TestTools.TestManagement.ControllerProxy.StopTestRunWorker(Object o)</Exception>
      </RunInfo>
      <RunInfo computerName="JUNJI_IBM" outcome="Error" timestamp="2008-10-09T02:08:14.7031250+09:00">
        <Text>テストの実行 'junji@JUNJI_IBM 2008-10-09 02:07:06' を停止できませんでした: IPC ポートから読み取ることができません: パイプは終了しました。
</Text>
        <Exception>System.Runtime.Remoting.RemotingException: IPC ポートから読み取ることができません: パイプは終了しました。


Server stack trace: 
   場所 System.Runtime.Remoting.Channels.Ipc.IpcPort.Read(Byte[] data, Int32 offset, Int32 length)
   場所 System.Runtime.Remoting.Channels.Ipc.PipeStream.Read(Byte[] buffer, Int32 offset, Int32 size)
   場所 System.Runtime.Remoting.Channels.SocketHandler.ReadFromSocket(Byte[] buffer, Int32 offset, Int32 count)
   場所 System.Runtime.Remoting.Channels.SocketHandler.BufferMoreData()
   場所 System.Runtime.Remoting.Channels.SocketHandler.Read(Byte[] buffer, Int32 offset, Int32 count)
   場所 System.Runtime.Remoting.Channels.SocketHandler.ReadAndMatchFourBytes(Byte[] buffer)
   場所 System.Runtime.Remoting.Channels.Tcp.TcpSocketHandler.ReadVersionAndOperation(UInt16&amp; operation)
   場所 System.Runtime.Remoting.Channels.Ipc.IpcClientHandler.ReadHeaders()
   場所 System.Runtime.Remoting.Channels.Ipc.IpcClientTransportSink.ProcessMessage(IMessage msg, ITransportHeaders requestHeaders, Stream requestStream, ITransportHeaders&amp; responseHeaders, Stream&amp; responseStream)
   場所 System.Runtime.Remoting.Channels.BinaryClientFormatterSink.SyncProcessMessage(IMessage msg)

Exception rethrown at [0]: 
   場所 System.Runtime.Remoting.Proxies.RealProxy.HandleReturnMessage(IMessage reqMsg, IMessage retMsg)
   場所 System.Runtime.Remoting.Proxies.RealProxy.PrivateInvoke(MessageData&amp; msgData, Int32 type)
   場所 Microsoft.VisualStudio.TestTools.Controller.IControllerExecution.StopTestRun(Guid testRunId)
   場所 Microsoft.VisualStudio.TestTools.TestManagement.ControllerProxy.StopTestRunWorker(Object o)</Exception>
      </RunInfo>
    </RunInfos>
  </ResultSummary>
  <Times creation="2008-10-09T02:07:06.0937500+09:00" queuing="2008-10-09T02:07:09.9687500+09:00" start="2008-10-09T02:07:10.3281250+09:00" finish="2008-10-09T02:08:14.7031250+09:00" />
  <TestDefinitions>
    <UnitTest name="ShowAllSubWindowsTest" storage="c:\documents and settings\junji\my documents\visual studio 2008\projects\tlv\test\bin\debug\nu.ojl.mprtos.tlv.test.dll" id="70eb10c6-60d6-1aed-113b-d8ddd59c7274">
      <Css projectStructure="" iteration="" />
      <Owners>
        <Owner name="" />
      </Owners>
      <TestMethod codeBase="C:\Documents and Settings\junji\My Documents\Visual Studio 2008\Projects\TLV\Test\bin\Debug\NU.OJL.MPRTOS.TLV.Test.dll" adapterTypeName="Microsoft.VisualStudio.TestTools.TestTypes.Unit.UnitTestAdapter, Microsoft.VisualStudio.QualityTools.Tips.UnitTest.Adapter, Version=9.0.0.0, Culture=neutral, PublicKeyToken=b03f5f7f11d50a3a" className="NU.OJL.MPRTOS.TLV.Test.WindowManagerTest, NU.OJL.MPRTOS.TLV.Test" name="ShowAllSubWindowsTest" />
    </UnitTest>
    <UnitTest name="GetSubWindowTest" storage="c:\documents and settings\junji\my documents\visual studio 2008\projects\tlv\test\bin\debug\nu.ojl.mprtos.tlv.test.dll" id="ffdba880-057c-4a34-89d4-85578df4a8d0">
      <Css projectStructure="" iteration="" />
      <Owners>
        <Owner name="" />
      </Owners>
      <TestMethod codeBase="C:\Documents and Settings\junji\My Documents\Visual Studio 2008\Projects\TLV\Test\bin\Debug\NU.OJL.MPRTOS.TLV.Test.dll" adapterTypeName="Microsoft.VisualStudio.TestTools.TestTypes.Unit.UnitTestAdapter, Microsoft.VisualStudio.QualityTools.Tips.UnitTest.Adapter, Version=9.0.0.0, Culture=neutral, PublicKeyToken=b03f5f7f11d50a3a" className="NU.OJL.MPRTOS.TLV.Test.WindowManagerTest, NU.OJL.MPRTOS.TLV.Test" name="GetSubWindowTest" />
    </UnitTest>
    <UnitTest name="HideSubWindowTest" storage="c:\documents and settings\junji\my documents\visual studio 2008\projects\tlv\test\bin\debug\nu.ojl.mprtos.tlv.test.dll" id="ee373636-ec40-9dc5-890d-b66b2ccb8eb4">
      <Css projectStructure="" iteration="" />
      <Owners>
        <Owner name="" />
      </Owners>
      <TestMethod codeBase="C:\Documents and Settings\junji\My Documents\Visual Studio 2008\Projects\TLV\Test\bin\Debug\NU.OJL.MPRTOS.TLV.Test.dll" adapterTypeName="Microsoft.VisualStudio.TestTools.TestTypes.Unit.UnitTestAdapter, Microsoft.VisualStudio.QualityTools.Tips.UnitTest.Adapter, Version=9.0.0.0, Culture=neutral, PublicKeyToken=b03f5f7f11d50a3a" className="NU.OJL.MPRTOS.TLV.Test.WindowManagerTest, NU.OJL.MPRTOS.TLV.Test" name="HideSubWindowTest" />
    </UnitTest>
    <UnitTest name="サブウィンドウの非表示" storage="c:\documents and settings\junji\my documents\visual studio 2008\projects\tlv\test\bin\debug\nu.ojl.mprtos.tlv.test.dll" id="d444c8ef-7a85-3095-10e2-a34420f25e87">
      <Css projectStructure="" iteration="" />
      <Owners>
        <Owner name="" />
      </Owners>
      <TestMethod codeBase="C:\Documents and Settings\junji\My Documents\Visual Studio 2008\Projects\TLV\Test\bin\Debug\NU.OJL.MPRTOS.TLV.Test.dll" adapterTypeName="Microsoft.VisualStudio.TestTools.TestTypes.Unit.UnitTestAdapter, Microsoft.VisualStudio.QualityTools.Tips.UnitTest.Adapter, Version=9.0.0.0, Culture=neutral, PublicKeyToken=b03f5f7f11d50a3a" className="NU.OJL.MPRTOS.TLV.Test.サブウィンドウ管理, NU.OJL.MPRTOS.TLV.Test" name="サブウィンドウの非表示" />
    </UnitTest>
    <UnitTest name="ParentTest" storage="c:\documents and settings\junji\my documents\visual studio 2008\projects\tlv\test\bin\debug\nu.ojl.mprtos.tlv.test.dll" id="e0b78af8-8a90-007d-2a79-f225969e57da">
      <Css projectStructure="" iteration="" />
      <Owners>
        <Owner name="" />
      </Owners>
      <TestMethod codeBase="C:\Documents and Settings\junji\My Documents\Visual Studio 2008\Projects\TLV\Test\bin\Debug\NU.OJL.MPRTOS.TLV.Test.dll" adapterTypeName="Microsoft.VisualStudio.TestTools.TestTypes.Unit.UnitTestAdapter, Microsoft.VisualStudio.QualityTools.Tips.UnitTest.Adapter, Version=9.0.0.0, Culture=neutral, PublicKeyToken=b03f5f7f11d50a3a" className="NU.OJL.MPRTOS.TLV.Test.WindowManagerTest, NU.OJL.MPRTOS.TLV.Test" name="ParentTest" />
    </UnitTest>
    <UnitTest name="サブウィンドウ追加" storage="c:\documents and settings\junji\my documents\visual studio 2008\projects\tlv\test\bin\debug\nu.ojl.mprtos.tlv.test.dll" id="ac1d43a1-22f1-2535-f494-f576f97bdc87">
      <Css projectStructure="" iteration="" />
      <Owners>
        <Owner name="" />
      </Owners>
      <TestMethod codeBase="C:\Documents and Settings\junji\My Documents\Visual Studio 2008\Projects\TLV\Test\bin\Debug\NU.OJL.MPRTOS.TLV.Test.dll" adapterTypeName="Microsoft.VisualStudio.TestTools.TestTypes.Unit.UnitTestAdapter, Microsoft.VisualStudio.QualityTools.Tips.UnitTest.Adapter, Version=9.0.0.0, Culture=neutral, PublicKeyToken=b03f5f7f11d50a3a" className="NU.OJL.MPRTOS.TLV.Test.サブウィンドウ管理, NU.OJL.MPRTOS.TLV.Test" name="サブウィンドウ追加" />
    </UnitTest>
    <UnitTest name="AutoHideAllSubWindowsTest" storage="c:\documents and settings\junji\my documents\visual studio 2008\projects\tlv\test\bin\debug\nu.ojl.mprtos.tlv.test.dll" id="26208305-4ee1-2bbf-668b-a2a6096ba9af">
      <Css projectStructure="" iteration="" />
      <Owners>
        <Owner name="" />
      </Owners>
      <TestMethod codeBase="C:\Documents and Settings\junji\My Documents\Visual Studio 2008\Projects\TLV\Test\bin\Debug\NU.OJL.MPRTOS.TLV.Test.dll" adapterTypeName="Microsoft.VisualStudio.TestTools.TestTypes.Unit.UnitTestAdapter, Microsoft.VisualStudio.QualityTools.Tips.UnitTest.Adapter, Version=9.0.0.0, Culture=neutral, PublicKeyToken=b03f5f7f11d50a3a" className="NU.OJL.MPRTOS.TLV.Test.WindowManagerTest, NU.OJL.MPRTOS.TLV.Test" name="AutoHideAllSubWindowsTest" />
    </UnitTest>
    <UnitTest name="ContainSubWindowTest" storage="c:\documents and settings\junji\my documents\visual studio 2008\projects\tlv\test\bin\debug\nu.ojl.mprtos.tlv.test.dll" id="51decc5c-6228-095a-884b-129b1a3a4f2f">
      <Css projectStructure="" iteration="" />
      <Owners>
        <Owner name="" />
      </Owners>
      <TestMethod codeBase="C:\Documents and Settings\junji\My Documents\Visual Studio 2008\Projects\TLV\Test\bin\Debug\NU.OJL.MPRTOS.TLV.Test.dll" adapterTypeName="Microsoft.VisualStudio.TestTools.TestTypes.Unit.UnitTestAdapter, Microsoft.VisualStudio.QualityTools.Tips.UnitTest.Adapter, Version=9.0.0.0, Culture=neutral, PublicKeyToken=b03f5f7f11d50a3a" className="NU.OJL.MPRTOS.TLV.Test.WindowManagerTest, NU.OJL.MPRTOS.TLV.Test" name="ContainSubWindowTest" />
    </UnitTest>
    <UnitTest name="ShowSubWindowTest" storage="c:\documents and settings\junji\my documents\visual studio 2008\projects\tlv\test\bin\debug\nu.ojl.mprtos.tlv.test.dll" id="16022dc8-380a-68ca-eea4-0f5d6bc43397">
      <Css projectStructure="" iteration="" />
      <Owners>
        <Owner name="" />
      </Owners>
      <Execution id="125cf7f3-2fdd-40e4-bd04-8fb7807ab3a6" />
      <TestMethod codeBase="C:\Documents and Settings\junji\My Documents\Visual Studio 2008\Projects\TLV\Test\bin\Debug\NU.OJL.MPRTOS.TLV.Test.dll" adapterTypeName="Microsoft.VisualStudio.TestTools.TestTypes.Unit.UnitTestAdapter, Microsoft.VisualStudio.QualityTools.Tips.UnitTest.Adapter, Version=9.0.0.0, Culture=neutral, PublicKeyToken=b03f5f7f11d50a3a" className="NU.OJL.MPRTOS.TLV.Test.WindowManagerTest, NU.OJL.MPRTOS.TLV.Test" name="ShowSubWindowTest" />
    </UnitTest>
    <UnitTest name="HideAllSubWindowsTest" storage="c:\documents and settings\junji\my documents\visual studio 2008\projects\tlv\test\bin\debug\nu.ojl.mprtos.tlv.test.dll" id="3e348342-8790-e31d-abb3-3ec459875f94">
      <Css projectStructure="" iteration="" />
      <Owners>
        <Owner name="" />
      </Owners>
      <TestMethod codeBase="C:\Documents and Settings\junji\My Documents\Visual Studio 2008\Projects\TLV\Test\bin\Debug\NU.OJL.MPRTOS.TLV.Test.dll" adapterTypeName="Microsoft.VisualStudio.TestTools.TestTypes.Unit.UnitTestAdapter, Microsoft.VisualStudio.QualityTools.Tips.UnitTest.Adapter, Version=9.0.0.0, Culture=neutral, PublicKeyToken=b03f5f7f11d50a3a" className="NU.OJL.MPRTOS.TLV.Test.WindowManagerTest, NU.OJL.MPRTOS.TLV.Test" name="HideAllSubWindowsTest" />
    </UnitTest>
    <UnitTest name="SubWindowsTest" storage="c:\documents and settings\junji\my documents\visual studio 2008\projects\tlv\test\bin\debug\nu.ojl.mprtos.tlv.test.dll" id="ac0a3c32-c791-d575-1a12-d85639611058">
      <Css projectStructure="" iteration="" />
      <Owners>
        <Owner name="" />
      </Owners>
      <TestMethod codeBase="C:\Documents and Settings\junji\My Documents\Visual Studio 2008\Projects\TLV\Test\bin\Debug\NU.OJL.MPRTOS.TLV.Test.dll" adapterTypeName="Microsoft.VisualStudio.TestTools.TestTypes.Unit.UnitTestAdapter, Microsoft.VisualStudio.QualityTools.Tips.UnitTest.Adapter, Version=9.0.0.0, Culture=neutral, PublicKeyToken=b03f5f7f11d50a3a" className="NU.OJL.MPRTOS.TLV.Test.WindowManagerTest, NU.OJL.MPRTOS.TLV.Test" name="SubWindowsTest" />
    </UnitTest>
    <UnitTest name="SubWindowCountTest" storage="c:\documents and settings\junji\my documents\visual studio 2008\projects\tlv\test\bin\debug\nu.ojl.mprtos.tlv.test.dll" id="4366fb21-f797-41ea-f9fa-67661cbd8930">
      <Css projectStructure="" iteration="" />
      <Owners>
        <Owner name="" />
      </Owners>
      <TestMethod codeBase="C:\Documents and Settings\junji\My Documents\Visual Studio 2008\Projects\TLV\Test\bin\Debug\NU.OJL.MPRTOS.TLV.Test.dll" adapterTypeName="Microsoft.VisualStudio.TestTools.TestTypes.Unit.UnitTestAdapter, Microsoft.VisualStudio.QualityTools.Tips.UnitTest.Adapter, Version=9.0.0.0, Culture=neutral, PublicKeyToken=b03f5f7f11d50a3a" className="NU.OJL.MPRTOS.TLV.Test.WindowManagerTest, NU.OJL.MPRTOS.TLV.Test" name="SubWindowCountTest" />
    </UnitTest>
    <UnitTest name="MenuTest" storage="c:\documents and settings\junji\my documents\visual studio 2008\projects\tlv\test\bin\debug\nu.ojl.mprtos.tlv.test.dll" id="0db950f3-3573-bde6-cda3-b5cc9f170adc">
      <Css projectStructure="" iteration="" />
      <Owners>
        <Owner name="" />
      </Owners>
      <Execution id="2a07dece-90e7-4fa4-aec2-6df864b59007" />
      <TestMethod codeBase="C:\Documents and Settings\junji\My Documents\Visual Studio 2008\Projects\TLV\Test\bin\Debug\NU.OJL.MPRTOS.TLV.Test.dll" adapterTypeName="Microsoft.VisualStudio.TestTools.TestTypes.Unit.UnitTestAdapter, Microsoft.VisualStudio.QualityTools.Tips.UnitTest.Adapter, Version=9.0.0.0, Culture=neutral, PublicKeyToken=b03f5f7f11d50a3a" className="NU.OJL.MPRTOS.TLV.Test.WindowManagerTest, NU.OJL.MPRTOS.TLV.Test" name="MenuTest" />
    </UnitTest>
    <UnitTest name="AddSubWindowTest" storage="c:\documents and settings\junji\my documents\visual studio 2008\projects\tlv\test\bin\debug\nu.ojl.mprtos.tlv.test.dll" id="f1cfe9b5-f467-e939-f956-35e0d791843c">
      <Css projectStructure="" iteration="" />
      <Owners>
        <Owner name="" />
      </Owners>
      <TestMethod codeBase="C:\Documents and Settings\junji\My Documents\Visual Studio 2008\Projects\TLV\Test\bin\Debug\NU.OJL.MPRTOS.TLV.Test.dll" adapterTypeName="Microsoft.VisualStudio.TestTools.TestTypes.Unit.UnitTestAdapter, Microsoft.VisualStudio.QualityTools.Tips.UnitTest.Adapter, Version=9.0.0.0, Culture=neutral, PublicKeyToken=b03f5f7f11d50a3a" className="NU.OJL.MPRTOS.TLV.Test.WindowManagerTest, NU.OJL.MPRTOS.TLV.Test" name="AddSubWindowTest" />
    </UnitTest>
    <UnitTest name="サブウィンドウの表示" storage="c:\documents and settings\junji\my documents\visual studio 2008\projects\tlv\test\bin\debug\nu.ojl.mprtos.tlv.test.dll" id="7c7d94e0-f4e5-0a1c-9114-cccf6ff5ef63">
      <Css projectStructure="" iteration="" />
      <Owners>
        <Owner name="" />
      </Owners>
      <TestMethod codeBase="C:\Documents and Settings\junji\My Documents\Visual Studio 2008\Projects\TLV\Test\bin\Debug\NU.OJL.MPRTOS.TLV.Test.dll" adapterTypeName="Microsoft.VisualStudio.TestTools.TestTypes.Unit.UnitTestAdapter, Microsoft.VisualStudio.QualityTools.Tips.UnitTest.Adapter, Version=9.0.0.0, Culture=neutral, PublicKeyToken=b03f5f7f11d50a3a" className="NU.OJL.MPRTOS.TLV.Test.サブウィンドウ管理, NU.OJL.MPRTOS.TLV.Test" name="サブウィンドウの表示" />
    </UnitTest>
    <UnitTest name="MainPanelTest" storage="c:\documents and settings\junji\my documents\visual studio 2008\projects\tlv\test\bin\debug\nu.ojl.mprtos.tlv.test.dll" id="13217adb-c851-e01b-9aa8-9f7189360a63">
      <Css projectStructure="" iteration="" />
      <Owners>
        <Owner name="" />
      </Owners>
      <Execution id="8ed2f857-ff37-4a3c-a00f-dd426b3a91d7" />
      <TestMethod codeBase="C:\Documents and Settings\junji\My Documents\Visual Studio 2008\Projects\TLV\Test\bin\Debug\NU.OJL.MPRTOS.TLV.Test.dll" adapterTypeName="Microsoft.VisualStudio.TestTools.TestTypes.Unit.UnitTestAdapter, Microsoft.VisualStudio.QualityTools.Tips.UnitTest.Adapter, Version=9.0.0.0, Culture=neutral, PublicKeyToken=b03f5f7f11d50a3a" className="NU.OJL.MPRTOS.TLV.Test.WindowManagerTest, NU.OJL.MPRTOS.TLV.Test" name="MainPanelTest" />
    </UnitTest>
    <UnitTest name="AutoHideSubWindowTest" storage="c:\documents and settings\junji\my documents\visual studio 2008\projects\tlv\test\bin\debug\nu.ojl.mprtos.tlv.test.dll" id="c5fa65bd-7703-1d30-62d5-192694180686">
      <Css projectStructure="" iteration="" />
      <Owners>
        <Owner name="" />
      </Owners>
      <TestMethod codeBase="C:\Documents and Settings\junji\My Documents\Visual Studio 2008\Projects\TLV\Test\bin\Debug\NU.OJL.MPRTOS.TLV.Test.dll" adapterTypeName="Microsoft.VisualStudio.TestTools.TestTypes.Unit.UnitTestAdapter, Microsoft.VisualStudio.QualityTools.Tips.UnitTest.Adapter, Version=9.0.0.0, Culture=neutral, PublicKeyToken=b03f5f7f11d50a3a" className="NU.OJL.MPRTOS.TLV.Test.WindowManagerTest, NU.OJL.MPRTOS.TLV.Test" name="AutoHideSubWindowTest" />
    </UnitTest>
  </TestDefinitions>
  <TestLists>
    <TestList name="一覧に存在しない結果" id="8c84fa94-04c1-424b-9868-57a2d4851a1d" />
    <TestList name="読み込まれたすべての結果" id="19431567-8539-422a-85d7-44ee4e166bda" />
  </TestLists>
  <TestEntries>
    <TestEntry testId="0db950f3-3573-bde6-cda3-b5cc9f170adc" executionId="2a07dece-90e7-4fa4-aec2-6df864b59007" testListId="8c84fa94-04c1-424b-9868-57a2d4851a1d" />
    <TestEntry testId="13217adb-c851-e01b-9aa8-9f7189360a63" executionId="8ed2f857-ff37-4a3c-a00f-dd426b3a91d7" testListId="8c84fa94-04c1-424b-9868-57a2d4851a1d" />
    <TestEntry testId="16022dc8-380a-68ca-eea4-0f5d6bc43397" executionId="125cf7f3-2fdd-40e4-bd04-8fb7807ab3a6" testListId="8c84fa94-04c1-424b-9868-57a2d4851a1d" />
    <TestEntry testId="26208305-4ee1-2bbf-668b-a2a6096ba9af" executionId="79d46d60-5d47-4e2b-abd1-84ea1af6f0b3" testListId="8c84fa94-04c1-424b-9868-57a2d4851a1d" />
    <TestEntry testId="3e348342-8790-e31d-abb3-3ec459875f94" executionId="c4928adc-e974-4649-82ce-c582101e21cd" testListId="8c84fa94-04c1-424b-9868-57a2d4851a1d" />
    <TestEntry testId="4366fb21-f797-41ea-f9fa-67661cbd8930" executionId="ffb96056-7c36-455f-b5f6-abb7fccfaaed" testListId="8c84fa94-04c1-424b-9868-57a2d4851a1d" />
    <TestEntry testId="51decc5c-6228-095a-884b-129b1a3a4f2f" executionId="36154332-0fe1-4c39-8799-106e9324d4f8" testListId="8c84fa94-04c1-424b-9868-57a2d4851a1d" />
    <TestEntry testId="70eb10c6-60d6-1aed-113b-d8ddd59c7274" executionId="4fe3636b-e9f7-4778-988e-4cb9f96d3363" testListId="8c84fa94-04c1-424b-9868-57a2d4851a1d" />
    <TestEntry testId="7c7d94e0-f4e5-0a1c-9114-cccf6ff5ef63" executionId="40190f26-377b-4a5c-b2f1-fdf31cd8d494" testListId="8c84fa94-04c1-424b-9868-57a2d4851a1d" />
    <TestEntry testId="ac0a3c32-c791-d575-1a12-d85639611058" executionId="6bf970f1-1aa8-4958-bbf0-883881117329" testListId="8c84fa94-04c1-424b-9868-57a2d4851a1d" />
    <TestEntry testId="ac1d43a1-22f1-2535-f494-f576f97bdc87" executionId="2b99a80c-582f-482a-a12e-63b69bf41f51" testListId="8c84fa94-04c1-424b-9868-57a2d4851a1d" />
    <TestEntry testId="c5fa65bd-7703-1d30-62d5-192694180686" executionId="f273bf16-22a2-4e3f-8d07-af83b394aca7" testListId="8c84fa94-04c1-424b-9868-57a2d4851a1d" />
    <TestEntry testId="d444c8ef-7a85-3095-10e2-a34420f25e87" executionId="1b568889-8ff7-4b95-959a-bbe4899c22b0" testListId="8c84fa94-04c1-424b-9868-57a2d4851a1d" />
    <TestEntry testId="e0b78af8-8a90-007d-2a79-f225969e57da" executionId="164db06b-712b-4494-a8b9-b32059f10c63" testListId="8c84fa94-04c1-424b-9868-57a2d4851a1d" />
    <TestEntry testId="ee373636-ec40-9dc5-890d-b66b2ccb8eb4" executionId="0c5d9b9c-d9cf-4f21-ad79-de34ce102d34" testListId="8c84fa94-04c1-424b-9868-57a2d4851a1d" />
    <TestEntry testId="f1cfe9b5-f467-e939-f956-35e0d791843c" executionId="3e303357-86ed-4272-8fc2-8fcce5cfd9bb" testListId="8c84fa94-04c1-424b-9868-57a2d4851a1d" />
    <TestEntry testId="ffdba880-057c-4a34-89d4-85578df4a8d0" executionId="321a1a46-f3a8-48b7-abd5-1d0cce4c28e4" testListId="8c84fa94-04c1-424b-9868-57a2d4851a1d" />
  </TestEntries>
  <Results>
    <UnitTestResult executionId="2a07dece-90e7-4fa4-aec2-6df864b59007" testId="0db950f3-3573-bde6-cda3-b5cc9f170adc" testName="MenuTest" computerName="JUNJI_IBM" duration="00:00:00.8385649" startTime="2008-10-09T02:07:10.4218750+09:00" endTime="2008-10-09T02:07:11.5937500+09:00" testType="13cdc9d9-ddb5-4fa4-a97d-d965ccfc6d4b" outcome="Passed" testListId="8c84fa94-04c1-424b-9868-57a2d4851a1d">
      <Output>
      </Output>
    </UnitTestResult>
    <UnitTestResult executionId="8ed2f857-ff37-4a3c-a00f-dd426b3a91d7" testId="13217adb-c851-e01b-9aa8-9f7189360a63" testName="MainPanelTest" computerName="JUNJI_IBM" duration="00:00:00.3680269" startTime="2008-10-09T02:07:11.5937500+09:00" endTime="2008-10-09T02:07:11.9687500+09:00" testType="13cdc9d9-ddb5-4fa4-a97d-d965ccfc6d4b" outcome="Passed" testListId="8c84fa94-04c1-424b-9868-57a2d4851a1d">
      <Output>
      </Output>
    </UnitTestResult>
    <UnitTestResult executionId="125cf7f3-2fdd-40e4-bd04-8fb7807ab3a6" testId="16022dc8-380a-68ca-eea4-0f5d6bc43397" testName="ShowSubWindowTest" computerName="JUNJI_IBM" duration="00:00:00.0492151" startTime="2008-10-09T02:07:11.9687500+09:00" endTime="0001-01-01T09:00:00.0000000+09:00" testType="13cdc9d9-ddb5-4fa4-a97d-d965ccfc6d4b" outcome="Passed" testListId="8c84fa94-04c1-424b-9868-57a2d4851a1d">
      <Output>
      </Output>
    </UnitTestResult>
    <UnitTestResult executionId="79d46d60-5d47-4e2b-abd1-84ea1af6f0b3" testId="26208305-4ee1-2bbf-668b-a2a6096ba9af" testName="AutoHideAllSubWindowsTest" computerName="JUNJI_IBM" duration="00:00:00" startTime="0001-01-01T09:00:00.0000000+09:00" endTime="0001-01-01T09:00:00.0000000+09:00" testType="13cdc9d9-ddb5-4fa4-a97d-d965ccfc6d4b" outcome="NotExecuted" testListId="8c84fa94-04c1-424b-9868-57a2d4851a1d">
    </UnitTestResult>
    <UnitTestResult executionId="c4928adc-e974-4649-82ce-c582101e21cd" testId="3e348342-8790-e31d-abb3-3ec459875f94" testName="HideAllSubWindowsTest" computerName="JUNJI_IBM" duration="00:00:00" startTime="0001-01-01T09:00:00.0000000+09:00" endTime="0001-01-01T09:00:00.0000000+09:00" testType="13cdc9d9-ddb5-4fa4-a97d-d965ccfc6d4b" outcome="NotExecuted" testListId="8c84fa94-04c1-424b-9868-57a2d4851a1d">
    </UnitTestResult>
    <UnitTestResult executionId="ffb96056-7c36-455f-b5f6-abb7fccfaaed" testId="4366fb21-f797-41ea-f9fa-67661cbd8930" testName="SubWindowCountTest" computerName="JUNJI_IBM" duration="00:00:00" startTime="0001-01-01T09:00:00.0000000+09:00" endTime="0001-01-01T09:00:00.0000000+09:00" testType="13cdc9d9-ddb5-4fa4-a97d-d965ccfc6d4b" outcome="NotExecuted" testListId="8c84fa94-04c1-424b-9868-57a2d4851a1d">
    </UnitTestResult>
    <UnitTestResult executionId="36154332-0fe1-4c39-8799-106e9324d4f8" testId="51decc5c-6228-095a-884b-129b1a3a4f2f" testName="ContainSubWindowTest" computerName="JUNJI_IBM" duration="00:00:00" startTime="0001-01-01T09:00:00.0000000+09:00" endTime="0001-01-01T09:00:00.0000000+09:00" testType="13cdc9d9-ddb5-4fa4-a97d-d965ccfc6d4b" outcome="NotExecuted" testListId="8c84fa94-04c1-424b-9868-57a2d4851a1d">
    </UnitTestResult>
    <UnitTestResult executionId="4fe3636b-e9f7-4778-988e-4cb9f96d3363" testId="70eb10c6-60d6-1aed-113b-d8ddd59c7274" testName="ShowAllSubWindowsTest" computerName="JUNJI_IBM" duration="00:00:00" startTime="0001-01-01T09:00:00.0000000+09:00" endTime="0001-01-01T09:00:00.0000000+09:00" testType="13cdc9d9-ddb5-4fa4-a97d-d965ccfc6d4b" outcome="NotExecuted" testListId="8c84fa94-04c1-424b-9868-57a2d4851a1d">
    </UnitTestResult>
    <UnitTestResult executionId="40190f26-377b-4a5c-b2f1-fdf31cd8d494" testId="7c7d94e0-f4e5-0a1c-9114-cccf6ff5ef63" testName="サブウィンドウの表示" computerName="JUNJI_IBM" duration="00:00:00" startTime="0001-01-01T09:00:00.0000000+09:00" endTime="0001-01-01T09:00:00.0000000+09:00" testType="13cdc9d9-ddb5-4fa4-a97d-d965ccfc6d4b" outcome="NotExecuted" testListId="8c84fa94-04c1-424b-9868-57a2d4851a1d">
    </UnitTestResult>
    <UnitTestResult executionId="6bf970f1-1aa8-4958-bbf0-883881117329" testId="ac0a3c32-c791-d575-1a12-d85639611058" testName="SubWindowsTest" computerName="JUNJI_IBM" duration="00:00:00" startTime="0001-01-01T09:00:00.0000000+09:00" endTime="0001-01-01T09:00:00.0000000+09:00" testType="13cdc9d9-ddb5-4fa4-a97d-d965ccfc6d4b" outcome="NotExecuted" testListId="8c84fa94-04c1-424b-9868-57a2d4851a1d">
    </UnitTestResult>
    <UnitTestResult executionId="2b99a80c-582f-482a-a12e-63b69bf41f51" testId="ac1d43a1-22f1-2535-f494-f576f97bdc87" testName="サブウィンドウ追加" computerName="JUNJI_IBM" duration="00:00:00" startTime="0001-01-01T09:00:00.0000000+09:00" endTime="0001-01-01T09:00:00.0000000+09:00" testType="13cdc9d9-ddb5-4fa4-a97d-d965ccfc6d4b" outcome="NotExecuted" testListId="8c84fa94-04c1-424b-9868-57a2d4851a1d">
    </UnitTestResult>
    <UnitTestResult executionId="f273bf16-22a2-4e3f-8d07-af83b394aca7" testId="c5fa65bd-7703-1d30-62d5-192694180686" testName="AutoHideSubWindowTest" computerName="JUNJI_IBM" duration="00:00:00" startTime="0001-01-01T09:00:00.0000000+09:00" endTime="0001-01-01T09:00:00.0000000+09:00" testType="13cdc9d9-ddb5-4fa4-a97d-d965ccfc6d4b" outcome="NotExecuted" testListId="8c84fa94-04c1-424b-9868-57a2d4851a1d">
    </UnitTestResult>
    <UnitTestResult executionId="1b568889-8ff7-4b95-959a-bbe4899c22b0" testId="d444c8ef-7a85-3095-10e2-a34420f25e87" testName="サブウィンドウの非表示" computerName="JUNJI_IBM" duration="00:00:00" startTime="0001-01-01T09:00:00.0000000+09:00" endTime="0001-01-01T09:00:00.0000000+09:00" testType="13cdc9d9-ddb5-4fa4-a97d-d965ccfc6d4b" outcome="NotExecuted" testListId="8c84fa94-04c1-424b-9868-57a2d4851a1d">
    </UnitTestResult>
    <UnitTestResult executionId="164db06b-712b-4494-a8b9-b32059f10c63" testId="e0b78af8-8a90-007d-2a79-f225969e57da" testName="ParentTest" computerName="JUNJI_IBM" duration="00:00:00" startTime="0001-01-01T09:00:00.0000000+09:00" endTime="0001-01-01T09:00:00.0000000+09:00" testType="13cdc9d9-ddb5-4fa4-a97d-d965ccfc6d4b" outcome="NotExecuted" testListId="8c84fa94-04c1-424b-9868-57a2d4851a1d">
    </UnitTestResult>
    <UnitTestResult executionId="0c5d9b9c-d9cf-4f21-ad79-de34ce102d34" testId="ee373636-ec40-9dc5-890d-b66b2ccb8eb4" testName="HideSubWindowTest" computerName="JUNJI_IBM" duration="00:00:00" startTime="0001-01-01T09:00:00.0000000+09:00" endTime="0001-01-01T09:00:00.0000000+09:00" testType="13cdc9d9-ddb5-4fa4-a97d-d965ccfc6d4b" outcome="NotExecuted" testListId="8c84fa94-04c1-424b-9868-57a2d4851a1d">
    </UnitTestResult>
    <UnitTestResult executionId="3e303357-86ed-4272-8fc2-8fcce5cfd9bb" testId="f1cfe9b5-f467-e939-f956-35e0d791843c" testName="AddSubWindowTest" computerName="JUNJI_IBM" duration="00:00:00" startTime="0001-01-01T09:00:00.0000000+09:00" endTime="0001-01-01T09:00:00.0000000+09:00" testType="13cdc9d9-ddb5-4fa4-a97d-d965ccfc6d4b" outcome="NotExecuted" testListId="8c84fa94-04c1-424b-9868-57a2d4851a1d">
    </UnitTestResult>
    <UnitTestResult executionId="321a1a46-f3a8-48b7-abd5-1d0cce4c28e4" testId="ffdba880-057c-4a34-89d4-85578df4a8d0" testName="GetSubWindowTest" computerName="JUNJI_IBM" duration="00:00:00" startTime="0001-01-01T09:00:00.0000000+09:00" endTime="0001-01-01T09:00:00.0000000+09:00" testType="13cdc9d9-ddb5-4fa4-a97d-d965ccfc6d4b" outcome="NotExecuted" testListId="8c84fa94-04c1-424b-9868-57a2d4851a1d">
    </UnitTestResult>
  </Results>
</TestRun>