<?xml version="1.0" encoding="UTF-8"?>
<TestRun id="49e426dc-0570-4dda-9a0f-1cad964359b1" name="junji@JUNJI_IBM 2008-10-07 05:02:35" runUser="JUNJI_IBM\junji" xmlns="http://microsoft.com/schemas/VisualStudio/TeamTest/2006">
  <TestRunConfiguration name="ローカル テストの実行" id="f925b93b-19e8-42c9-be1f-07b649dddab7">
    <Description>これは、ローカル テストの実行に対する既定のテストの実行構成です。</Description>
    <Deployment runDeploymentRoot="C:\Documents and Settings\junji\My Documents\Visual Studio 2008\Projects\TLV\TestResults\junji_JUNJI_IBM 2008-10-07 05_02_35">
      <DeploymentItem filename="C:\Documents and Settings\junji\My Documents\Visual Studio 2008\Projects\TLV\Base\bin\Debug\NU.OJL.MPRTOS.TLV.Base.dll" />
      <DeploymentItem filename="C:\Documents and Settings\junji\My Documents\Visual Studio 2008\Projects\TLV\Core\bin\Debug\NU.OJL.MPRTOS.TLV.Core.dll" />
      <DeploymentItem filename="C:\Documents and Settings\junji\My Documents\Visual Studio 2008\Projects\TLV\TLV\bin\Debug\NU.OJL.MPRTOS.TLV.exe" />
      <DeploymentItem filename="C:\Documents and Settings\junji\My Documents\Visual Studio 2008\Projects\TLV\Third\bin\Debug\NU.OJL.MPRTOS.TLV.Third.dll" />
    </Deployment>
    <TestTypeSpecific />
  </TestRunConfiguration>
  <ResultSummary outcome="Failed">
    <Counters total="17" executed="17" passed="13" error="0" failed="4" timeout="0" aborted="0" inconclusive="0" passedButRunAborted="0" notRunnable="0" notExecuted="0" disconnected="0" warning="0" completed="0" inProgress="0" pending="0" />
  </ResultSummary>
  <Times creation="2008-10-07T05:02:35.9687500+09:00" queuing="2008-10-07T05:02:39.0156250+09:00" start="2008-10-07T05:02:39.0625000+09:00" finish="2008-10-07T05:02:42.1718750+09:00" />
  <TestDefinitions>
    <UnitTest name="ShowAllSubWindowsTest" storage="c:\documents and settings\junji\my documents\visual studio 2008\projects\tlv\test\bin\debug\nu.ojl.mprtos.tlv.test.dll" id="70eb10c6-60d6-1aed-113b-d8ddd59c7274">
      <Css projectStructure="" iteration="" />
      <Owners>
        <Owner name="" />
      </Owners>
      <Execution id="3a9cb5cc-5b6b-40be-be96-2d0d06b7d45e" />
      <TestMethod codeBase="C:\Documents and Settings\junji\My Documents\Visual Studio 2008\Projects\TLV\Test\bin\Debug\NU.OJL.MPRTOS.TLV.Test.dll" adapterTypeName="Microsoft.VisualStudio.TestTools.TestTypes.Unit.UnitTestAdapter, Microsoft.VisualStudio.QualityTools.Tips.UnitTest.Adapter, Version=9.0.0.0, Culture=neutral, PublicKeyToken=b03f5f7f11d50a3a" className="NU.OJL.MPRTOS.TLV.Test.WindowManagerTest, NU.OJL.MPRTOS.TLV.Test" name="ShowAllSubWindowsTest" />
    </UnitTest>
    <UnitTest name="GetSubWindowTest" storage="c:\documents and settings\junji\my documents\visual studio 2008\projects\tlv\test\bin\debug\nu.ojl.mprtos.tlv.test.dll" id="ffdba880-057c-4a34-89d4-85578df4a8d0">
      <Css projectStructure="" iteration="" />
      <Owners>
        <Owner name="" />
      </Owners>
      <Execution id="1710d722-4183-4b72-8f26-c14e629d43c3" />
      <TestMethod codeBase="C:\Documents and Settings\junji\My Documents\Visual Studio 2008\Projects\TLV\Test\bin\Debug\NU.OJL.MPRTOS.TLV.Test.dll" adapterTypeName="Microsoft.VisualStudio.TestTools.TestTypes.Unit.UnitTestAdapter, Microsoft.VisualStudio.QualityTools.Tips.UnitTest.Adapter, Version=9.0.0.0, Culture=neutral, PublicKeyToken=b03f5f7f11d50a3a" className="NU.OJL.MPRTOS.TLV.Test.WindowManagerTest, NU.OJL.MPRTOS.TLV.Test" name="GetSubWindowTest" />
    </UnitTest>
    <UnitTest name="HideSubWindowTest" storage="c:\documents and settings\junji\my documents\visual studio 2008\projects\tlv\test\bin\debug\nu.ojl.mprtos.tlv.test.dll" id="ee373636-ec40-9dc5-890d-b66b2ccb8eb4">
      <Css projectStructure="" iteration="" />
      <Owners>
        <Owner name="" />
      </Owners>
      <Execution id="4ad9248d-e209-4abd-b8b4-14a710b12b91" />
      <TestMethod codeBase="C:\Documents and Settings\junji\My Documents\Visual Studio 2008\Projects\TLV\Test\bin\Debug\NU.OJL.MPRTOS.TLV.Test.dll" adapterTypeName="Microsoft.VisualStudio.TestTools.TestTypes.Unit.UnitTestAdapter, Microsoft.VisualStudio.QualityTools.Tips.UnitTest.Adapter, Version=9.0.0.0, Culture=neutral, PublicKeyToken=b03f5f7f11d50a3a" className="NU.OJL.MPRTOS.TLV.Test.WindowManagerTest, NU.OJL.MPRTOS.TLV.Test" name="HideSubWindowTest" />
    </UnitTest>
    <UnitTest name="サブウィンドウの非表示" storage="c:\documents and settings\junji\my documents\visual studio 2008\projects\tlv\test\bin\debug\nu.ojl.mprtos.tlv.test.dll" id="d444c8ef-7a85-3095-10e2-a34420f25e87">
      <Css projectStructure="" iteration="" />
      <Owners>
        <Owner name="" />
      </Owners>
      <Execution id="0e936f57-8d83-4a0e-a28a-e53dad9d89f7" />
      <TestMethod codeBase="C:\Documents and Settings\junji\My Documents\Visual Studio 2008\Projects\TLV\Test\bin\Debug\NU.OJL.MPRTOS.TLV.Test.dll" adapterTypeName="Microsoft.VisualStudio.TestTools.TestTypes.Unit.UnitTestAdapter, Microsoft.VisualStudio.QualityTools.Tips.UnitTest.Adapter, Version=9.0.0.0, Culture=neutral, PublicKeyToken=b03f5f7f11d50a3a" className="NU.OJL.MPRTOS.TLV.Test.サブウィンドウ管理, NU.OJL.MPRTOS.TLV.Test" name="サブウィンドウの非表示" />
    </UnitTest>
    <UnitTest name="ParentTest" storage="c:\documents and settings\junji\my documents\visual studio 2008\projects\tlv\test\bin\debug\nu.ojl.mprtos.tlv.test.dll" id="e0b78af8-8a90-007d-2a79-f225969e57da">
      <Css projectStructure="" iteration="" />
      <Owners>
        <Owner name="" />
      </Owners>
      <Execution id="c834e3c7-8cdb-4a64-a4f3-126853f505ab" />
      <TestMethod codeBase="C:\Documents and Settings\junji\My Documents\Visual Studio 2008\Projects\TLV\Test\bin\Debug\NU.OJL.MPRTOS.TLV.Test.dll" adapterTypeName="Microsoft.VisualStudio.TestTools.TestTypes.Unit.UnitTestAdapter, Microsoft.VisualStudio.QualityTools.Tips.UnitTest.Adapter, Version=9.0.0.0, Culture=neutral, PublicKeyToken=b03f5f7f11d50a3a" className="NU.OJL.MPRTOS.TLV.Test.WindowManagerTest, NU.OJL.MPRTOS.TLV.Test" name="ParentTest" />
    </UnitTest>
    <UnitTest name="サブウィンドウ追加" storage="c:\documents and settings\junji\my documents\visual studio 2008\projects\tlv\test\bin\debug\nu.ojl.mprtos.tlv.test.dll" id="ac1d43a1-22f1-2535-f494-f576f97bdc87">
      <Css projectStructure="" iteration="" />
      <Owners>
        <Owner name="" />
      </Owners>
      <Execution id="9a0cbd40-1d32-44fd-adf9-dd390c6d6dba" />
      <TestMethod codeBase="C:\Documents and Settings\junji\My Documents\Visual Studio 2008\Projects\TLV\Test\bin\Debug\NU.OJL.MPRTOS.TLV.Test.dll" adapterTypeName="Microsoft.VisualStudio.TestTools.TestTypes.Unit.UnitTestAdapter, Microsoft.VisualStudio.QualityTools.Tips.UnitTest.Adapter, Version=9.0.0.0, Culture=neutral, PublicKeyToken=b03f5f7f11d50a3a" className="NU.OJL.MPRTOS.TLV.Test.サブウィンドウ管理, NU.OJL.MPRTOS.TLV.Test" name="サブウィンドウ追加" />
    </UnitTest>
    <UnitTest name="AutoHideAllSubWindowsTest" storage="c:\documents and settings\junji\my documents\visual studio 2008\projects\tlv\test\bin\debug\nu.ojl.mprtos.tlv.test.dll" id="26208305-4ee1-2bbf-668b-a2a6096ba9af">
      <Css projectStructure="" iteration="" />
      <Owners>
        <Owner name="" />
      </Owners>
      <Execution id="70959367-5787-4b5b-b9c9-242228f90888" />
      <TestMethod codeBase="C:\Documents and Settings\junji\My Documents\Visual Studio 2008\Projects\TLV\Test\bin\Debug\NU.OJL.MPRTOS.TLV.Test.dll" adapterTypeName="Microsoft.VisualStudio.TestTools.TestTypes.Unit.UnitTestAdapter, Microsoft.VisualStudio.QualityTools.Tips.UnitTest.Adapter, Version=9.0.0.0, Culture=neutral, PublicKeyToken=b03f5f7f11d50a3a" className="NU.OJL.MPRTOS.TLV.Test.WindowManagerTest, NU.OJL.MPRTOS.TLV.Test" name="AutoHideAllSubWindowsTest" />
    </UnitTest>
    <UnitTest name="ContainSubWindowTest" storage="c:\documents and settings\junji\my documents\visual studio 2008\projects\tlv\test\bin\debug\nu.ojl.mprtos.tlv.test.dll" id="51decc5c-6228-095a-884b-129b1a3a4f2f">
      <Css projectStructure="" iteration="" />
      <Owners>
        <Owner name="" />
      </Owners>
      <Execution id="fb03aa98-f9e0-4d1c-b43f-66b5ee5c84d6" />
      <TestMethod codeBase="C:\Documents and Settings\junji\My Documents\Visual Studio 2008\Projects\TLV\Test\bin\Debug\NU.OJL.MPRTOS.TLV.Test.dll" adapterTypeName="Microsoft.VisualStudio.TestTools.TestTypes.Unit.UnitTestAdapter, Microsoft.VisualStudio.QualityTools.Tips.UnitTest.Adapter, Version=9.0.0.0, Culture=neutral, PublicKeyToken=b03f5f7f11d50a3a" className="NU.OJL.MPRTOS.TLV.Test.WindowManagerTest, NU.OJL.MPRTOS.TLV.Test" name="ContainSubWindowTest" />
    </UnitTest>
    <UnitTest name="ShowSubWindowTest" storage="c:\documents and settings\junji\my documents\visual studio 2008\projects\tlv\test\bin\debug\nu.ojl.mprtos.tlv.test.dll" id="16022dc8-380a-68ca-eea4-0f5d6bc43397">
      <Css projectStructure="" iteration="" />
      <Owners>
        <Owner name="" />
      </Owners>
      <Execution id="a92ef198-5f61-4241-b508-b1d85f1827bb" />
      <TestMethod codeBase="C:\Documents and Settings\junji\My Documents\Visual Studio 2008\Projects\TLV\Test\bin\Debug\NU.OJL.MPRTOS.TLV.Test.dll" adapterTypeName="Microsoft.VisualStudio.TestTools.TestTypes.Unit.UnitTestAdapter, Microsoft.VisualStudio.QualityTools.Tips.UnitTest.Adapter, Version=9.0.0.0, Culture=neutral, PublicKeyToken=b03f5f7f11d50a3a" className="NU.OJL.MPRTOS.TLV.Test.WindowManagerTest, NU.OJL.MPRTOS.TLV.Test" name="ShowSubWindowTest" />
    </UnitTest>
    <UnitTest name="HideAllSubWindowsTest" storage="c:\documents and settings\junji\my documents\visual studio 2008\projects\tlv\test\bin\debug\nu.ojl.mprtos.tlv.test.dll" id="3e348342-8790-e31d-abb3-3ec459875f94">
      <Css projectStructure="" iteration="" />
      <Owners>
        <Owner name="" />
      </Owners>
      <Execution id="99edb441-2117-435b-91d4-df6316cb611b" />
      <TestMethod codeBase="C:\Documents and Settings\junji\My Documents\Visual Studio 2008\Projects\TLV\Test\bin\Debug\NU.OJL.MPRTOS.TLV.Test.dll" adapterTypeName="Microsoft.VisualStudio.TestTools.TestTypes.Unit.UnitTestAdapter, Microsoft.VisualStudio.QualityTools.Tips.UnitTest.Adapter, Version=9.0.0.0, Culture=neutral, PublicKeyToken=b03f5f7f11d50a3a" className="NU.OJL.MPRTOS.TLV.Test.WindowManagerTest, NU.OJL.MPRTOS.TLV.Test" name="HideAllSubWindowsTest" />
    </UnitTest>
    <UnitTest name="SubWindowsTest" storage="c:\documents and settings\junji\my documents\visual studio 2008\projects\tlv\test\bin\debug\nu.ojl.mprtos.tlv.test.dll" id="ac0a3c32-c791-d575-1a12-d85639611058">
      <Css projectStructure="" iteration="" />
      <Owners>
        <Owner name="" />
      </Owners>
      <Execution id="a972424d-8db2-4913-88d8-efda1acd6465" />
      <TestMethod codeBase="C:\Documents and Settings\junji\My Documents\Visual Studio 2008\Projects\TLV\Test\bin\Debug\NU.OJL.MPRTOS.TLV.Test.dll" adapterTypeName="Microsoft.VisualStudio.TestTools.TestTypes.Unit.UnitTestAdapter, Microsoft.VisualStudio.QualityTools.Tips.UnitTest.Adapter, Version=9.0.0.0, Culture=neutral, PublicKeyToken=b03f5f7f11d50a3a" className="NU.OJL.MPRTOS.TLV.Test.WindowManagerTest, NU.OJL.MPRTOS.TLV.Test" name="SubWindowsTest" />
    </UnitTest>
    <UnitTest name="SubWindowCountTest" storage="c:\documents and settings\junji\my documents\visual studio 2008\projects\tlv\test\bin\debug\nu.ojl.mprtos.tlv.test.dll" id="4366fb21-f797-41ea-f9fa-67661cbd8930">
      <Css projectStructure="" iteration="" />
      <Owners>
        <Owner name="" />
      </Owners>
      <Execution id="77a82cd8-1c23-42e0-9ca3-31ebbc46bdcb" />
      <TestMethod codeBase="C:\Documents and Settings\junji\My Documents\Visual Studio 2008\Projects\TLV\Test\bin\Debug\NU.OJL.MPRTOS.TLV.Test.dll" adapterTypeName="Microsoft.VisualStudio.TestTools.TestTypes.Unit.UnitTestAdapter, Microsoft.VisualStudio.QualityTools.Tips.UnitTest.Adapter, Version=9.0.0.0, Culture=neutral, PublicKeyToken=b03f5f7f11d50a3a" className="NU.OJL.MPRTOS.TLV.Test.WindowManagerTest, NU.OJL.MPRTOS.TLV.Test" name="SubWindowCountTest" />
    </UnitTest>
    <UnitTest name="MenuTest" storage="c:\documents and settings\junji\my documents\visual studio 2008\projects\tlv\test\bin\debug\nu.ojl.mprtos.tlv.test.dll" id="0db950f3-3573-bde6-cda3-b5cc9f170adc">
      <Css projectStructure="" iteration="" />
      <Owners>
        <Owner name="" />
      </Owners>
      <Execution id="216a7b94-7988-40d4-b42a-201db1b317d2" />
      <TestMethod codeBase="C:\Documents and Settings\junji\My Documents\Visual Studio 2008\Projects\TLV\Test\bin\Debug\NU.OJL.MPRTOS.TLV.Test.dll" adapterTypeName="Microsoft.VisualStudio.TestTools.TestTypes.Unit.UnitTestAdapter, Microsoft.VisualStudio.QualityTools.Tips.UnitTest.Adapter, Version=9.0.0.0, Culture=neutral, PublicKeyToken=b03f5f7f11d50a3a" className="NU.OJL.MPRTOS.TLV.Test.WindowManagerTest, NU.OJL.MPRTOS.TLV.Test" name="MenuTest" />
    </UnitTest>
    <UnitTest name="AddSubWindowTest" storage="c:\documents and settings\junji\my documents\visual studio 2008\projects\tlv\test\bin\debug\nu.ojl.mprtos.tlv.test.dll" id="f1cfe9b5-f467-e939-f956-35e0d791843c">
      <Css projectStructure="" iteration="" />
      <Owners>
        <Owner name="" />
      </Owners>
      <Execution id="c8732b0f-7f22-42f6-9685-c9bcb910b801" />
      <TestMethod codeBase="C:\Documents and Settings\junji\My Documents\Visual Studio 2008\Projects\TLV\Test\bin\Debug\NU.OJL.MPRTOS.TLV.Test.dll" adapterTypeName="Microsoft.VisualStudio.TestTools.TestTypes.Unit.UnitTestAdapter, Microsoft.VisualStudio.QualityTools.Tips.UnitTest.Adapter, Version=9.0.0.0, Culture=neutral, PublicKeyToken=b03f5f7f11d50a3a" className="NU.OJL.MPRTOS.TLV.Test.WindowManagerTest, NU.OJL.MPRTOS.TLV.Test" name="AddSubWindowTest" />
    </UnitTest>
    <UnitTest name="サブウィンドウの表示" storage="c:\documents and settings\junji\my documents\visual studio 2008\projects\tlv\test\bin\debug\nu.ojl.mprtos.tlv.test.dll" id="7c7d94e0-f4e5-0a1c-9114-cccf6ff5ef63">
      <Css projectStructure="" iteration="" />
      <Owners>
        <Owner name="" />
      </Owners>
      <Execution id="ebe69986-0d9e-4064-9a33-026c70cc9eae" />
      <TestMethod codeBase="C:\Documents and Settings\junji\My Documents\Visual Studio 2008\Projects\TLV\Test\bin\Debug\NU.OJL.MPRTOS.TLV.Test.dll" adapterTypeName="Microsoft.VisualStudio.TestTools.TestTypes.Unit.UnitTestAdapter, Microsoft.VisualStudio.QualityTools.Tips.UnitTest.Adapter, Version=9.0.0.0, Culture=neutral, PublicKeyToken=b03f5f7f11d50a3a" className="NU.OJL.MPRTOS.TLV.Test.サブウィンドウ管理, NU.OJL.MPRTOS.TLV.Test" name="サブウィンドウの表示" />
    </UnitTest>
    <UnitTest name="MainPanelTest" storage="c:\documents and settings\junji\my documents\visual studio 2008\projects\tlv\test\bin\debug\nu.ojl.mprtos.tlv.test.dll" id="13217adb-c851-e01b-9aa8-9f7189360a63">
      <Css projectStructure="" iteration="" />
      <Owners>
        <Owner name="" />
      </Owners>
      <Execution id="7a177fff-8188-44d4-845c-47fd211da13b" />
      <TestMethod codeBase="C:\Documents and Settings\junji\My Documents\Visual Studio 2008\Projects\TLV\Test\bin\Debug\NU.OJL.MPRTOS.TLV.Test.dll" adapterTypeName="Microsoft.VisualStudio.TestTools.TestTypes.Unit.UnitTestAdapter, Microsoft.VisualStudio.QualityTools.Tips.UnitTest.Adapter, Version=9.0.0.0, Culture=neutral, PublicKeyToken=b03f5f7f11d50a3a" className="NU.OJL.MPRTOS.TLV.Test.WindowManagerTest, NU.OJL.MPRTOS.TLV.Test" name="MainPanelTest" />
    </UnitTest>
    <UnitTest name="AutoHideSubWindowTest" storage="c:\documents and settings\junji\my documents\visual studio 2008\projects\tlv\test\bin\debug\nu.ojl.mprtos.tlv.test.dll" id="c5fa65bd-7703-1d30-62d5-192694180686">
      <Css projectStructure="" iteration="" />
      <Owners>
        <Owner name="" />
      </Owners>
      <Execution id="590e35ae-51e5-414b-8fe6-2a92212a70a3" />
      <TestMethod codeBase="C:\Documents and Settings\junji\My Documents\Visual Studio 2008\Projects\TLV\Test\bin\Debug\NU.OJL.MPRTOS.TLV.Test.dll" adapterTypeName="Microsoft.VisualStudio.TestTools.TestTypes.Unit.UnitTestAdapter, Microsoft.VisualStudio.QualityTools.Tips.UnitTest.Adapter, Version=9.0.0.0, Culture=neutral, PublicKeyToken=b03f5f7f11d50a3a" className="NU.OJL.MPRTOS.TLV.Test.WindowManagerTest, NU.OJL.MPRTOS.TLV.Test" name="AutoHideSubWindowTest" />
    </UnitTest>
  </TestDefinitions>
  <TestLists>
    <TestList name="一覧に存在しない結果" id="8c84fa94-04c1-424b-9868-57a2d4851a1d" />
    <TestList name="読み込まれたすべての結果" id="19431567-8539-422a-85d7-44ee4e166bda" />
  </TestLists>
  <TestEntries>
    <TestEntry testId="0db950f3-3573-bde6-cda3-b5cc9f170adc" executionId="216a7b94-7988-40d4-b42a-201db1b317d2" testListId="8c84fa94-04c1-424b-9868-57a2d4851a1d" />
    <TestEntry testId="13217adb-c851-e01b-9aa8-9f7189360a63" executionId="7a177fff-8188-44d4-845c-47fd211da13b" testListId="8c84fa94-04c1-424b-9868-57a2d4851a1d" />
    <TestEntry testId="16022dc8-380a-68ca-eea4-0f5d6bc43397" executionId="a92ef198-5f61-4241-b508-b1d85f1827bb" testListId="8c84fa94-04c1-424b-9868-57a2d4851a1d" />
    <TestEntry testId="26208305-4ee1-2bbf-668b-a2a6096ba9af" executionId="70959367-5787-4b5b-b9c9-242228f90888" testListId="8c84fa94-04c1-424b-9868-57a2d4851a1d" />
    <TestEntry testId="3e348342-8790-e31d-abb3-3ec459875f94" executionId="99edb441-2117-435b-91d4-df6316cb611b" testListId="8c84fa94-04c1-424b-9868-57a2d4851a1d" />
    <TestEntry testId="4366fb21-f797-41ea-f9fa-67661cbd8930" executionId="77a82cd8-1c23-42e0-9ca3-31ebbc46bdcb" testListId="8c84fa94-04c1-424b-9868-57a2d4851a1d" />
    <TestEntry testId="51decc5c-6228-095a-884b-129b1a3a4f2f" executionId="fb03aa98-f9e0-4d1c-b43f-66b5ee5c84d6" testListId="8c84fa94-04c1-424b-9868-57a2d4851a1d" />
    <TestEntry testId="70eb10c6-60d6-1aed-113b-d8ddd59c7274" executionId="3a9cb5cc-5b6b-40be-be96-2d0d06b7d45e" testListId="8c84fa94-04c1-424b-9868-57a2d4851a1d" />
    <TestEntry testId="7c7d94e0-f4e5-0a1c-9114-cccf6ff5ef63" executionId="ebe69986-0d9e-4064-9a33-026c70cc9eae" testListId="8c84fa94-04c1-424b-9868-57a2d4851a1d" />
    <TestEntry testId="ac0a3c32-c791-d575-1a12-d85639611058" executionId="a972424d-8db2-4913-88d8-efda1acd6465" testListId="8c84fa94-04c1-424b-9868-57a2d4851a1d" />
    <TestEntry testId="ac1d43a1-22f1-2535-f494-f576f97bdc87" executionId="9a0cbd40-1d32-44fd-adf9-dd390c6d6dba" testListId="8c84fa94-04c1-424b-9868-57a2d4851a1d" />
    <TestEntry testId="c5fa65bd-7703-1d30-62d5-192694180686" executionId="590e35ae-51e5-414b-8fe6-2a92212a70a3" testListId="8c84fa94-04c1-424b-9868-57a2d4851a1d" />
    <TestEntry testId="d444c8ef-7a85-3095-10e2-a34420f25e87" executionId="0e936f57-8d83-4a0e-a28a-e53dad9d89f7" testListId="8c84fa94-04c1-424b-9868-57a2d4851a1d" />
    <TestEntry testId="e0b78af8-8a90-007d-2a79-f225969e57da" executionId="c834e3c7-8cdb-4a64-a4f3-126853f505ab" testListId="8c84fa94-04c1-424b-9868-57a2d4851a1d" />
    <TestEntry testId="ee373636-ec40-9dc5-890d-b66b2ccb8eb4" executionId="4ad9248d-e209-4abd-b8b4-14a710b12b91" testListId="8c84fa94-04c1-424b-9868-57a2d4851a1d" />
    <TestEntry testId="f1cfe9b5-f467-e939-f956-35e0d791843c" executionId="c8732b0f-7f22-42f6-9685-c9bcb910b801" testListId="8c84fa94-04c1-424b-9868-57a2d4851a1d" />
    <TestEntry testId="ffdba880-057c-4a34-89d4-85578df4a8d0" executionId="1710d722-4183-4b72-8f26-c14e629d43c3" testListId="8c84fa94-04c1-424b-9868-57a2d4851a1d" />
  </TestEntries>
  <Results>
    <UnitTestResult executionId="216a7b94-7988-40d4-b42a-201db1b317d2" testId="0db950f3-3573-bde6-cda3-b5cc9f170adc" testName="MenuTest" computerName="JUNJI_IBM" duration="00:00:00.1943185" startTime="2008-10-07T05:02:39.0625000+09:00" endTime="2008-10-07T05:02:39.4687500+09:00" testType="13cdc9d9-ddb5-4fa4-a97d-d965ccfc6d4b" outcome="Passed" testListId="8c84fa94-04c1-424b-9868-57a2d4851a1d">
      <Output>
      </Output>
    </UnitTestResult>
    <UnitTestResult executionId="7a177fff-8188-44d4-845c-47fd211da13b" testId="13217adb-c851-e01b-9aa8-9f7189360a63" testName="MainPanelTest" computerName="JUNJI_IBM" duration="00:00:00.2423355" startTime="2008-10-07T05:02:39.4687500+09:00" endTime="2008-10-07T05:02:39.7187500+09:00" testType="13cdc9d9-ddb5-4fa4-a97d-d965ccfc6d4b" outcome="Passed" testListId="8c84fa94-04c1-424b-9868-57a2d4851a1d">
      <Output>
      </Output>
    </UnitTestResult>
    <UnitTestResult executionId="a92ef198-5f61-4241-b508-b1d85f1827bb" testId="16022dc8-380a-68ca-eea4-0f5d6bc43397" testName="ShowSubWindowTest" computerName="JUNJI_IBM" duration="00:00:00.1142692" startTime="2008-10-07T05:02:39.7187500+09:00" endTime="2008-10-07T05:02:39.8437500+09:00" testType="13cdc9d9-ddb5-4fa4-a97d-d965ccfc6d4b" outcome="Failed" testListId="8c84fa94-04c1-424b-9868-57a2d4851a1d">
      <Output>
        <ErrorInfo>
          <Message>Assert.IsTrue に失敗しました。</Message>
          <StackTrace>   場所 NU.OJL.MPRTOS.TLV.Test.WindowManagerTest.ShowSubWindowTest() 場所 C:\Documents and Settings\junji\My Documents\Visual Studio 2008\Projects\TLV\Test\WindowManagerTest.cs:行 162
</StackTrace>
        </ErrorInfo>
      </Output>
    </UnitTestResult>
    <UnitTestResult executionId="70959367-5787-4b5b-b9c9-242228f90888" testId="26208305-4ee1-2bbf-668b-a2a6096ba9af" testName="AutoHideAllSubWindowsTest" computerName="JUNJI_IBM" duration="00:00:00.3838627" startTime="2008-10-07T05:02:39.8437500+09:00" endTime="2008-10-07T05:02:40.2343750+09:00" testType="13cdc9d9-ddb5-4fa4-a97d-d965ccfc6d4b" outcome="Passed" testListId="8c84fa94-04c1-424b-9868-57a2d4851a1d">
      <Output>
      </Output>
    </UnitTestResult>
    <UnitTestResult executionId="99edb441-2117-435b-91d4-df6316cb611b" testId="3e348342-8790-e31d-abb3-3ec459875f94" testName="HideAllSubWindowsTest" computerName="JUNJI_IBM" duration="00:00:00.2218231" startTime="2008-10-07T05:02:40.2343750+09:00" endTime="2008-10-07T05:02:40.4687500+09:00" testType="13cdc9d9-ddb5-4fa4-a97d-d965ccfc6d4b" outcome="Failed" testListId="8c84fa94-04c1-424b-9868-57a2d4851a1d">
      <Output>
        <ErrorInfo>
          <Message>Assert.IsFalse に失敗しました。</Message>
          <StackTrace>   場所 NU.OJL.MPRTOS.TLV.Test.WindowManagerTest.HideAllSubWindowsTest() 場所 C:\Documents and Settings\junji\My Documents\Visual Studio 2008\Projects\TLV\Test\WindowManagerTest.cs:行 255
</StackTrace>
        </ErrorInfo>
      </Output>
    </UnitTestResult>
    <UnitTestResult executionId="77a82cd8-1c23-42e0-9ca3-31ebbc46bdcb" testId="4366fb21-f797-41ea-f9fa-67661cbd8930" testName="SubWindowCountTest" computerName="JUNJI_IBM" duration="00:00:00.1473315" startTime="2008-10-07T05:02:40.4687500+09:00" endTime="2008-10-07T05:02:40.6250000+09:00" testType="13cdc9d9-ddb5-4fa4-a97d-d965ccfc6d4b" outcome="Passed" testListId="8c84fa94-04c1-424b-9868-57a2d4851a1d">
      <Output>
      </Output>
    </UnitTestResult>
    <UnitTestResult executionId="fb03aa98-f9e0-4d1c-b43f-66b5ee5c84d6" testId="51decc5c-6228-095a-884b-129b1a3a4f2f" testName="ContainSubWindowTest" computerName="JUNJI_IBM" duration="00:00:00.0290657" startTime="2008-10-07T05:02:40.6250000+09:00" endTime="2008-10-07T05:02:40.6718750+09:00" testType="13cdc9d9-ddb5-4fa4-a97d-d965ccfc6d4b" outcome="Passed" testListId="8c84fa94-04c1-424b-9868-57a2d4851a1d">
      <Output>
      </Output>
    </UnitTestResult>
    <UnitTestResult executionId="3a9cb5cc-5b6b-40be-be96-2d0d06b7d45e" testId="70eb10c6-60d6-1aed-113b-d8ddd59c7274" testName="ShowAllSubWindowsTest" computerName="JUNJI_IBM" duration="00:00:00.2255376" startTime="2008-10-07T05:02:40.6718750+09:00" endTime="2008-10-07T05:02:40.8906250+09:00" testType="13cdc9d9-ddb5-4fa4-a97d-d965ccfc6d4b" outcome="Failed" testListId="8c84fa94-04c1-424b-9868-57a2d4851a1d">
      <Output>
        <ErrorInfo>
          <Message>Assert.IsTrue に失敗しました。</Message>
          <StackTrace>   場所 NU.OJL.MPRTOS.TLV.Test.WindowManagerTest.ShowAllSubWindowsTest() 場所 C:\Documents and Settings\junji\My Documents\Visual Studio 2008\Projects\TLV\Test\WindowManagerTest.cs:行 191
</StackTrace>
        </ErrorInfo>
      </Output>
    </UnitTestResult>
    <UnitTestResult executionId="ebe69986-0d9e-4064-9a33-026c70cc9eae" testId="7c7d94e0-f4e5-0a1c-9114-cccf6ff5ef63" testName="サブウィンドウの表示" computerName="JUNJI_IBM" duration="00:00:00.2379185" startTime="2008-10-07T05:02:40.8906250+09:00" endTime="2008-10-07T05:02:41.1406250+09:00" testType="13cdc9d9-ddb5-4fa4-a97d-d965ccfc6d4b" outcome="Passed" testListId="8c84fa94-04c1-424b-9868-57a2d4851a1d">
      <Output>
      </Output>
    </UnitTestResult>
    <UnitTestResult executionId="a972424d-8db2-4913-88d8-efda1acd6465" testId="ac0a3c32-c791-d575-1a12-d85639611058" testName="SubWindowsTest" computerName="JUNJI_IBM" duration="00:00:00.1549951" startTime="2008-10-07T05:02:41.1406250+09:00" endTime="2008-10-07T05:02:41.2968750+09:00" testType="13cdc9d9-ddb5-4fa4-a97d-d965ccfc6d4b" outcome="Passed" testListId="8c84fa94-04c1-424b-9868-57a2d4851a1d">
      <Output>
      </Output>
    </UnitTestResult>
    <UnitTestResult executionId="9a0cbd40-1d32-44fd-adf9-dd390c6d6dba" testId="ac1d43a1-22f1-2535-f494-f576f97bdc87" testName="サブウィンドウ追加" computerName="JUNJI_IBM" duration="00:00:00.1952647" startTime="2008-10-07T05:02:41.3125000+09:00" endTime="2008-10-07T05:02:41.5000000+09:00" testType="13cdc9d9-ddb5-4fa4-a97d-d965ccfc6d4b" outcome="Passed" testListId="8c84fa94-04c1-424b-9868-57a2d4851a1d">
      <Output>
      </Output>
    </UnitTestResult>
    <UnitTestResult executionId="590e35ae-51e5-414b-8fe6-2a92212a70a3" testId="c5fa65bd-7703-1d30-62d5-192694180686" testName="AutoHideSubWindowTest" computerName="JUNJI_IBM" duration="00:00:00.2374852" startTime="2008-10-07T05:02:41.5156250+09:00" endTime="2008-10-07T05:02:41.7500000+09:00" testType="13cdc9d9-ddb5-4fa4-a97d-d965ccfc6d4b" outcome="Passed" testListId="8c84fa94-04c1-424b-9868-57a2d4851a1d">
      <Output>
      </Output>
    </UnitTestResult>
    <UnitTestResult executionId="0e936f57-8d83-4a0e-a28a-e53dad9d89f7" testId="d444c8ef-7a85-3095-10e2-a34420f25e87" testName="サブウィンドウの非表示" computerName="JUNJI_IBM" duration="00:00:00.1859579" startTime="2008-10-07T05:02:41.7500000+09:00" endTime="2008-10-07T05:02:41.9375000+09:00" testType="13cdc9d9-ddb5-4fa4-a97d-d965ccfc6d4b" outcome="Passed" testListId="8c84fa94-04c1-424b-9868-57a2d4851a1d">
      <Output>
      </Output>
    </UnitTestResult>
    <UnitTestResult executionId="c834e3c7-8cdb-4a64-a4f3-126853f505ab" testId="e0b78af8-8a90-007d-2a79-f225969e57da" testName="ParentTest" computerName="JUNJI_IBM" duration="00:00:00.0053875" startTime="2008-10-07T05:02:41.9375000+09:00" endTime="2008-10-07T05:02:41.9531250+09:00" testType="13cdc9d9-ddb5-4fa4-a97d-d965ccfc6d4b" outcome="Passed" testListId="8c84fa94-04c1-424b-9868-57a2d4851a1d">
      <Output>
      </Output>
    </UnitTestResult>
    <UnitTestResult executionId="4ad9248d-e209-4abd-b8b4-14a710b12b91" testId="ee373636-ec40-9dc5-890d-b66b2ccb8eb4" testName="HideSubWindowTest" computerName="JUNJI_IBM" duration="00:00:00.0246983" startTime="2008-10-07T05:02:41.9531250+09:00" endTime="2008-10-07T05:02:41.9843750+09:00" testType="13cdc9d9-ddb5-4fa4-a97d-d965ccfc6d4b" outcome="Failed" testListId="8c84fa94-04c1-424b-9868-57a2d4851a1d">
      <Output>
        <ErrorInfo>
          <Message>Assert.IsFalse に失敗しました。</Message>
          <StackTrace>   場所 NU.OJL.MPRTOS.TLV.Test.WindowManagerTest.HideSubWindowTest() 場所 C:\Documents and Settings\junji\My Documents\Visual Studio 2008\Projects\TLV\Test\WindowManagerTest.cs:行 233
</StackTrace>
        </ErrorInfo>
      </Output>
    </UnitTestResult>
    <UnitTestResult executionId="c8732b0f-7f22-42f6-9685-c9bcb910b801" testId="f1cfe9b5-f467-e939-f956-35e0d791843c" testName="AddSubWindowTest" computerName="JUNJI_IBM" duration="00:00:00.1255567" startTime="2008-10-07T05:02:41.9843750+09:00" endTime="2008-10-07T05:02:42.1093750+09:00" testType="13cdc9d9-ddb5-4fa4-a97d-d965ccfc6d4b" outcome="Passed" testListId="8c84fa94-04c1-424b-9868-57a2d4851a1d">
      <Output>
      </Output>
    </UnitTestResult>
    <UnitTestResult executionId="1710d722-4183-4b72-8f26-c14e629d43c3" testId="ffdba880-057c-4a34-89d4-85578df4a8d0" testName="GetSubWindowTest" computerName="JUNJI_IBM" duration="00:00:00.0272618" startTime="2008-10-07T05:02:42.1093750+09:00" endTime="2008-10-07T05:02:42.1562500+09:00" testType="13cdc9d9-ddb5-4fa4-a97d-d965ccfc6d4b" outcome="Passed" testListId="8c84fa94-04c1-424b-9868-57a2d4851a1d">
      <Output>
      </Output>
    </UnitTestResult>
  </Results>
</TestRun>