<?xml version="1.0" encoding="UTF-8"?>
<TestRun id="7823557c-dc5a-403f-9dbe-80a725d8bd30" name="junji@JUNJI_IBM 2008-10-07 04:59:29" runUser="JUNJI_IBM\junji" xmlns="http://microsoft.com/schemas/VisualStudio/TeamTest/2006">
  <TestRunConfiguration name="ローカル テストの実行" id="f925b93b-19e8-42c9-be1f-07b649dddab7">
    <Description>これは、ローカル テストの実行に対する既定のテストの実行構成です。</Description>
    <Deployment runDeploymentRoot="C:\Documents and Settings\junji\My Documents\Visual Studio 2008\Projects\TLV\TestResults\junji_JUNJI_IBM 2008-10-07 04_59_29">
      <DeploymentItem filename="C:\Documents and Settings\junji\My Documents\Visual Studio 2008\Projects\TLV\Base\bin\Debug\NU.OJL.MPRTOS.TLV.Base.dll" />
      <DeploymentItem filename="C:\Documents and Settings\junji\My Documents\Visual Studio 2008\Projects\TLV\Core\bin\Debug\NU.OJL.MPRTOS.TLV.Core.dll" />
      <DeploymentItem filename="C:\Documents and Settings\junji\My Documents\Visual Studio 2008\Projects\TLV\TLV\bin\Debug\NU.OJL.MPRTOS.TLV.exe" />
      <DeploymentItem filename="C:\Documents and Settings\junji\My Documents\Visual Studio 2008\Projects\TLV\Third\bin\Debug\NU.OJL.MPRTOS.TLV.Third.dll" />
    </Deployment>
    <TestTypeSpecific />
  </TestRunConfiguration>
  <ResultSummary outcome="Completed">
    <Counters total="1" executed="1" passed="1" error="0" failed="0" timeout="0" aborted="0" inconclusive="0" passedButRunAborted="0" notRunnable="0" notExecuted="0" disconnected="0" warning="0" completed="0" inProgress="0" pending="0" />
  </ResultSummary>
  <Times creation="2008-10-07T04:59:29.5312500+09:00" queuing="2008-10-07T04:59:31.0312500+09:00" start="2008-10-07T04:59:31.0937500+09:00" finish="2008-10-07T04:59:31.7343750+09:00" />
  <TestDefinitions>
    <UnitTest name="AddSubWindowTest" storage="c:\documents and settings\junji\my documents\visual studio 2008\projects\tlv\test\bin\debug\nu.ojl.mprtos.tlv.test.dll" id="f1cfe9b5-f467-e939-f956-35e0d791843c">
      <Css projectStructure="" iteration="" />
      <Owners>
        <Owner name="" />
      </Owners>
      <Execution id="5a05283d-aec9-4623-b987-d3dea824ded6" />
      <TestMethod codeBase="C:\Documents and Settings\junji\My Documents\Visual Studio 2008\Projects\TLV\Test\bin\Debug\NU.OJL.MPRTOS.TLV.Test.dll" adapterTypeName="Microsoft.VisualStudio.TestTools.TestTypes.Unit.UnitTestAdapter, Microsoft.VisualStudio.QualityTools.Tips.UnitTest.Adapter, Version=9.0.0.0, Culture=neutral, PublicKeyToken=b03f5f7f11d50a3a" className="NU.OJL.MPRTOS.TLV.Test.WindowManagerTest, NU.OJL.MPRTOS.TLV.Test" name="AddSubWindowTest" />
    </UnitTest>
  </TestDefinitions>
  <TestLists>
    <TestList name="一覧に存在しない結果" id="8c84fa94-04c1-424b-9868-57a2d4851a1d" />
    <TestList name="読み込まれたすべての結果" id="19431567-8539-422a-85d7-44ee4e166bda" />
  </TestLists>
  <TestEntries>
    <TestEntry testId="f1cfe9b5-f467-e939-f956-35e0d791843c" executionId="5a05283d-aec9-4623-b987-d3dea824ded6" testListId="8c84fa94-04c1-424b-9868-57a2d4851a1d" />
  </TestEntries>
  <Results>
    <UnitTestResult executionId="5a05283d-aec9-4623-b987-d3dea824ded6" testId="f1cfe9b5-f467-e939-f956-35e0d791843c" testName="AddSubWindowTest" computerName="JUNJI_IBM" duration="00:00:00.4340719" startTime="2008-10-07T04:59:31.0937500+09:00" endTime="2008-10-07T04:59:31.7187500+09:00" testType="13cdc9d9-ddb5-4fa4-a97d-d965ccfc6d4b" outcome="Passed" testListId="8c84fa94-04c1-424b-9868-57a2d4851a1d">
      <Output>
      </Output>
    </UnitTestResult>
  </Results>
</TestRun>