<?xml version="1.0" encoding="UTF-8"?>
<TestRun id="e0bb3293-ed0b-456d-9790-f202e3107e2a" name="junji@JUNJI_IBM 2008-10-07 05:17:11" runUser="JUNJI_IBM\junji" xmlns="http://microsoft.com/schemas/VisualStudio/TeamTest/2006">
  <TestRunConfiguration name="ローカル テストの実行" id="f925b93b-19e8-42c9-be1f-07b649dddab7">
    <Description>これは、ローカル テストの実行に対する既定のテストの実行構成です。</Description>
    <Deployment runDeploymentRoot="C:\Documents and Settings\junji\My Documents\Visual Studio 2008\Projects\TLV\TestResults\junji_JUNJI_IBM 2008-10-07 05_17_11">
      <DeploymentItem filename="C:\Documents and Settings\junji\My Documents\Visual Studio 2008\Projects\TLV\Base\bin\Debug\NU.OJL.MPRTOS.TLV.Base.dll" />
      <DeploymentItem filename="C:\Documents and Settings\junji\My Documents\Visual Studio 2008\Projects\TLV\Core\bin\Debug\NU.OJL.MPRTOS.TLV.Core.dll" />
      <DeploymentItem filename="C:\Documents and Settings\junji\My Documents\Visual Studio 2008\Projects\TLV\TLV\bin\Debug\NU.OJL.MPRTOS.TLV.exe" />
      <DeploymentItem filename="C:\Documents and Settings\junji\My Documents\Visual Studio 2008\Projects\TLV\Third\bin\Debug\NU.OJL.MPRTOS.TLV.Third.dll" />
    </Deployment>
    <TestTypeSpecific />
  </TestRunConfiguration>
  <ResultSummary outcome="Error">
    <Counters total="17" executed="2" passed="2" error="0" failed="0" timeout="0" aborted="0" inconclusive="0" passedButRunAborted="0" notRunnable="0" notExecuted="14" disconnected="0" warning="0" completed="0" inProgress="0" pending="0" />
    <RunInfos>
      <RunInfo computerName="JUNJI_IBM" outcome="Error" timestamp="2008-10-07T05:17:28.2187500+09:00">
        <Text>テストのホスト プロセスは予期せずに終了しました。</Text>
      </RunInfo>
    </RunInfos>
  </ResultSummary>
  <Times creation="2008-10-07T05:17:11.8593750+09:00" queuing="2008-10-07T05:17:12.7187500+09:00" start="2008-10-07T05:17:13.0468750+09:00" finish="2008-10-07T05:17:28.2187500+09:00" />
  <TestDefinitions>
    <UnitTest name="ShowAllSubWindowsTest" storage="c:\documents and settings\junji\my documents\visual studio 2008\projects\tlv\test\bin\debug\nu.ojl.mprtos.tlv.test.dll" id="70eb10c6-60d6-1aed-113b-d8ddd59c7274">
      <Css projectStructure="" iteration="" />
      <Owners>
        <Owner name="" />
      </Owners>
      <Execution id="29b919fe-29d9-46da-9a61-8c3adaf9b309" />
      <TestMethod codeBase="C:\Documents and Settings\junji\My Documents\Visual Studio 2008\Projects\TLV\Test\bin\Debug\NU.OJL.MPRTOS.TLV.Test.dll" adapterTypeName="Microsoft.VisualStudio.TestTools.TestTypes.Unit.UnitTestAdapter, Microsoft.VisualStudio.QualityTools.Tips.UnitTest.Adapter, Version=9.0.0.0, Culture=neutral, PublicKeyToken=b03f5f7f11d50a3a" className="NU.OJL.MPRTOS.TLV.Test.WindowManagerTest, NU.OJL.MPRTOS.TLV.Test" name="ShowAllSubWindowsTest" />
    </UnitTest>
    <UnitTest name="GetSubWindowTest" storage="c:\documents and settings\junji\my documents\visual studio 2008\projects\tlv\test\bin\debug\nu.ojl.mprtos.tlv.test.dll" id="ffdba880-057c-4a34-89d4-85578df4a8d0">
      <Css projectStructure="" iteration="" />
      <Owners>
        <Owner name="" />
      </Owners>
      <Execution id="0d52099b-4d3a-4f3b-a8fe-6f59000e7158" />
      <TestMethod codeBase="C:\Documents and Settings\junji\My Documents\Visual Studio 2008\Projects\TLV\Test\bin\Debug\NU.OJL.MPRTOS.TLV.Test.dll" adapterTypeName="Microsoft.VisualStudio.TestTools.TestTypes.Unit.UnitTestAdapter, Microsoft.VisualStudio.QualityTools.Tips.UnitTest.Adapter, Version=9.0.0.0, Culture=neutral, PublicKeyToken=b03f5f7f11d50a3a" className="NU.OJL.MPRTOS.TLV.Test.WindowManagerTest, NU.OJL.MPRTOS.TLV.Test" name="GetSubWindowTest" />
    </UnitTest>
    <UnitTest name="HideSubWindowTest" storage="c:\documents and settings\junji\my documents\visual studio 2008\projects\tlv\test\bin\debug\nu.ojl.mprtos.tlv.test.dll" id="ee373636-ec40-9dc5-890d-b66b2ccb8eb4">
      <Css projectStructure="" iteration="" />
      <Owners>
        <Owner name="" />
      </Owners>
      <Execution id="a74e2e0b-7344-4b61-b173-41d96f7afcaf" />
      <TestMethod codeBase="C:\Documents and Settings\junji\My Documents\Visual Studio 2008\Projects\TLV\Test\bin\Debug\NU.OJL.MPRTOS.TLV.Test.dll" adapterTypeName="Microsoft.VisualStudio.TestTools.TestTypes.Unit.UnitTestAdapter, Microsoft.VisualStudio.QualityTools.Tips.UnitTest.Adapter, Version=9.0.0.0, Culture=neutral, PublicKeyToken=b03f5f7f11d50a3a" className="NU.OJL.MPRTOS.TLV.Test.WindowManagerTest, NU.OJL.MPRTOS.TLV.Test" name="HideSubWindowTest" />
    </UnitTest>
    <UnitTest name="サブウィンドウの非表示" storage="c:\documents and settings\junji\my documents\visual studio 2008\projects\tlv\test\bin\debug\nu.ojl.mprtos.tlv.test.dll" id="d444c8ef-7a85-3095-10e2-a34420f25e87">
      <Css projectStructure="" iteration="" />
      <Owners>
        <Owner name="" />
      </Owners>
      <Execution id="4183a704-9352-46f5-95ac-ac7b805727de" />
      <TestMethod codeBase="C:\Documents and Settings\junji\My Documents\Visual Studio 2008\Projects\TLV\Test\bin\Debug\NU.OJL.MPRTOS.TLV.Test.dll" adapterTypeName="Microsoft.VisualStudio.TestTools.TestTypes.Unit.UnitTestAdapter, Microsoft.VisualStudio.QualityTools.Tips.UnitTest.Adapter, Version=9.0.0.0, Culture=neutral, PublicKeyToken=b03f5f7f11d50a3a" className="NU.OJL.MPRTOS.TLV.Test.サブウィンドウ管理, NU.OJL.MPRTOS.TLV.Test" name="サブウィンドウの非表示" />
    </UnitTest>
    <UnitTest name="ParentTest" storage="c:\documents and settings\junji\my documents\visual studio 2008\projects\tlv\test\bin\debug\nu.ojl.mprtos.tlv.test.dll" id="e0b78af8-8a90-007d-2a79-f225969e57da">
      <Css projectStructure="" iteration="" />
      <Owners>
        <Owner name="" />
      </Owners>
      <Execution id="c79f0b56-9fe9-485f-a817-6bc3ef5650e5" />
      <TestMethod codeBase="C:\Documents and Settings\junji\My Documents\Visual Studio 2008\Projects\TLV\Test\bin\Debug\NU.OJL.MPRTOS.TLV.Test.dll" adapterTypeName="Microsoft.VisualStudio.TestTools.TestTypes.Unit.UnitTestAdapter, Microsoft.VisualStudio.QualityTools.Tips.UnitTest.Adapter, Version=9.0.0.0, Culture=neutral, PublicKeyToken=b03f5f7f11d50a3a" className="NU.OJL.MPRTOS.TLV.Test.WindowManagerTest, NU.OJL.MPRTOS.TLV.Test" name="ParentTest" />
    </UnitTest>
    <UnitTest name="サブウィンドウ追加" storage="c:\documents and settings\junji\my documents\visual studio 2008\projects\tlv\test\bin\debug\nu.ojl.mprtos.tlv.test.dll" id="ac1d43a1-22f1-2535-f494-f576f97bdc87">
      <Css projectStructure="" iteration="" />
      <Owners>
        <Owner name="" />
      </Owners>
      <Execution id="2ff312f2-2d31-41af-a21c-d2ae247335ad" />
      <TestMethod codeBase="C:\Documents and Settings\junji\My Documents\Visual Studio 2008\Projects\TLV\Test\bin\Debug\NU.OJL.MPRTOS.TLV.Test.dll" adapterTypeName="Microsoft.VisualStudio.TestTools.TestTypes.Unit.UnitTestAdapter, Microsoft.VisualStudio.QualityTools.Tips.UnitTest.Adapter, Version=9.0.0.0, Culture=neutral, PublicKeyToken=b03f5f7f11d50a3a" className="NU.OJL.MPRTOS.TLV.Test.サブウィンドウ管理, NU.OJL.MPRTOS.TLV.Test" name="サブウィンドウ追加" />
    </UnitTest>
    <UnitTest name="AutoHideAllSubWindowsTest" storage="c:\documents and settings\junji\my documents\visual studio 2008\projects\tlv\test\bin\debug\nu.ojl.mprtos.tlv.test.dll" id="26208305-4ee1-2bbf-668b-a2a6096ba9af">
      <Css projectStructure="" iteration="" />
      <Owners>
        <Owner name="" />
      </Owners>
      <Execution id="455fce0c-b792-4ab5-a153-96013475439c" />
      <TestMethod codeBase="C:\Documents and Settings\junji\My Documents\Visual Studio 2008\Projects\TLV\Test\bin\Debug\NU.OJL.MPRTOS.TLV.Test.dll" adapterTypeName="Microsoft.VisualStudio.TestTools.TestTypes.Unit.UnitTestAdapter, Microsoft.VisualStudio.QualityTools.Tips.UnitTest.Adapter, Version=9.0.0.0, Culture=neutral, PublicKeyToken=b03f5f7f11d50a3a" className="NU.OJL.MPRTOS.TLV.Test.WindowManagerTest, NU.OJL.MPRTOS.TLV.Test" name="AutoHideAllSubWindowsTest" />
    </UnitTest>
    <UnitTest name="ContainSubWindowTest" storage="c:\documents and settings\junji\my documents\visual studio 2008\projects\tlv\test\bin\debug\nu.ojl.mprtos.tlv.test.dll" id="51decc5c-6228-095a-884b-129b1a3a4f2f">
      <Css projectStructure="" iteration="" />
      <Owners>
        <Owner name="" />
      </Owners>
      <Execution id="d1127d2e-75e6-4471-9640-02401468376c" />
      <TestMethod codeBase="C:\Documents and Settings\junji\My Documents\Visual Studio 2008\Projects\TLV\Test\bin\Debug\NU.OJL.MPRTOS.TLV.Test.dll" adapterTypeName="Microsoft.VisualStudio.TestTools.TestTypes.Unit.UnitTestAdapter, Microsoft.VisualStudio.QualityTools.Tips.UnitTest.Adapter, Version=9.0.0.0, Culture=neutral, PublicKeyToken=b03f5f7f11d50a3a" className="NU.OJL.MPRTOS.TLV.Test.WindowManagerTest, NU.OJL.MPRTOS.TLV.Test" name="ContainSubWindowTest" />
    </UnitTest>
    <UnitTest name="ShowSubWindowTest" storage="c:\documents and settings\junji\my documents\visual studio 2008\projects\tlv\test\bin\debug\nu.ojl.mprtos.tlv.test.dll" id="16022dc8-380a-68ca-eea4-0f5d6bc43397">
      <Css projectStructure="" iteration="" />
      <Owners>
        <Owner name="" />
      </Owners>
      <Execution id="714e6763-d407-458b-a824-0b446fd104bf" />
      <TestMethod codeBase="C:\Documents and Settings\junji\My Documents\Visual Studio 2008\Projects\TLV\Test\bin\Debug\NU.OJL.MPRTOS.TLV.Test.dll" adapterTypeName="Microsoft.VisualStudio.TestTools.TestTypes.Unit.UnitTestAdapter, Microsoft.VisualStudio.QualityTools.Tips.UnitTest.Adapter, Version=9.0.0.0, Culture=neutral, PublicKeyToken=b03f5f7f11d50a3a" className="NU.OJL.MPRTOS.TLV.Test.WindowManagerTest, NU.OJL.MPRTOS.TLV.Test" name="ShowSubWindowTest" />
    </UnitTest>
    <UnitTest name="HideAllSubWindowsTest" storage="c:\documents and settings\junji\my documents\visual studio 2008\projects\tlv\test\bin\debug\nu.ojl.mprtos.tlv.test.dll" id="3e348342-8790-e31d-abb3-3ec459875f94">
      <Css projectStructure="" iteration="" />
      <Owners>
        <Owner name="" />
      </Owners>
      <Execution id="0ee98939-9e26-4bab-afce-524f4d010184" />
      <TestMethod codeBase="C:\Documents and Settings\junji\My Documents\Visual Studio 2008\Projects\TLV\Test\bin\Debug\NU.OJL.MPRTOS.TLV.Test.dll" adapterTypeName="Microsoft.VisualStudio.TestTools.TestTypes.Unit.UnitTestAdapter, Microsoft.VisualStudio.QualityTools.Tips.UnitTest.Adapter, Version=9.0.0.0, Culture=neutral, PublicKeyToken=b03f5f7f11d50a3a" className="NU.OJL.MPRTOS.TLV.Test.WindowManagerTest, NU.OJL.MPRTOS.TLV.Test" name="HideAllSubWindowsTest" />
    </UnitTest>
    <UnitTest name="SubWindowsTest" storage="c:\documents and settings\junji\my documents\visual studio 2008\projects\tlv\test\bin\debug\nu.ojl.mprtos.tlv.test.dll" id="ac0a3c32-c791-d575-1a12-d85639611058">
      <Css projectStructure="" iteration="" />
      <Owners>
        <Owner name="" />
      </Owners>
      <Execution id="1cd6b3ec-65ea-412e-acea-be0665665880" />
      <TestMethod codeBase="C:\Documents and Settings\junji\My Documents\Visual Studio 2008\Projects\TLV\Test\bin\Debug\NU.OJL.MPRTOS.TLV.Test.dll" adapterTypeName="Microsoft.VisualStudio.TestTools.TestTypes.Unit.UnitTestAdapter, Microsoft.VisualStudio.QualityTools.Tips.UnitTest.Adapter, Version=9.0.0.0, Culture=neutral, PublicKeyToken=b03f5f7f11d50a3a" className="NU.OJL.MPRTOS.TLV.Test.WindowManagerTest, NU.OJL.MPRTOS.TLV.Test" name="SubWindowsTest" />
    </UnitTest>
    <UnitTest name="SubWindowCountTest" storage="c:\documents and settings\junji\my documents\visual studio 2008\projects\tlv\test\bin\debug\nu.ojl.mprtos.tlv.test.dll" id="4366fb21-f797-41ea-f9fa-67661cbd8930">
      <Css projectStructure="" iteration="" />
      <Owners>
        <Owner name="" />
      </Owners>
      <Execution id="027b96ce-07a4-42ca-83cb-b38a89f6c9eb" />
      <TestMethod codeBase="C:\Documents and Settings\junji\My Documents\Visual Studio 2008\Projects\TLV\Test\bin\Debug\NU.OJL.MPRTOS.TLV.Test.dll" adapterTypeName="Microsoft.VisualStudio.TestTools.TestTypes.Unit.UnitTestAdapter, Microsoft.VisualStudio.QualityTools.Tips.UnitTest.Adapter, Version=9.0.0.0, Culture=neutral, PublicKeyToken=b03f5f7f11d50a3a" className="NU.OJL.MPRTOS.TLV.Test.WindowManagerTest, NU.OJL.MPRTOS.TLV.Test" name="SubWindowCountTest" />
    </UnitTest>
    <UnitTest name="MenuTest" storage="c:\documents and settings\junji\my documents\visual studio 2008\projects\tlv\test\bin\debug\nu.ojl.mprtos.tlv.test.dll" id="0db950f3-3573-bde6-cda3-b5cc9f170adc">
      <Css projectStructure="" iteration="" />
      <Owners>
        <Owner name="" />
      </Owners>
      <Execution id="30b3b09a-20db-476b-bd0a-c16bc03bac89" />
      <TestMethod codeBase="C:\Documents and Settings\junji\My Documents\Visual Studio 2008\Projects\TLV\Test\bin\Debug\NU.OJL.MPRTOS.TLV.Test.dll" adapterTypeName="Microsoft.VisualStudio.TestTools.TestTypes.Unit.UnitTestAdapter, Microsoft.VisualStudio.QualityTools.Tips.UnitTest.Adapter, Version=9.0.0.0, Culture=neutral, PublicKeyToken=b03f5f7f11d50a3a" className="NU.OJL.MPRTOS.TLV.Test.WindowManagerTest, NU.OJL.MPRTOS.TLV.Test" name="MenuTest" />
    </UnitTest>
    <UnitTest name="AddSubWindowTest" storage="c:\documents and settings\junji\my documents\visual studio 2008\projects\tlv\test\bin\debug\nu.ojl.mprtos.tlv.test.dll" id="f1cfe9b5-f467-e939-f956-35e0d791843c">
      <Css projectStructure="" iteration="" />
      <Owners>
        <Owner name="" />
      </Owners>
      <Execution id="1cd1c494-19d1-4e7c-be77-b780461fc4d3" />
      <TestMethod codeBase="C:\Documents and Settings\junji\My Documents\Visual Studio 2008\Projects\TLV\Test\bin\Debug\NU.OJL.MPRTOS.TLV.Test.dll" adapterTypeName="Microsoft.VisualStudio.TestTools.TestTypes.Unit.UnitTestAdapter, Microsoft.VisualStudio.QualityTools.Tips.UnitTest.Adapter, Version=9.0.0.0, Culture=neutral, PublicKeyToken=b03f5f7f11d50a3a" className="NU.OJL.MPRTOS.TLV.Test.WindowManagerTest, NU.OJL.MPRTOS.TLV.Test" name="AddSubWindowTest" />
    </UnitTest>
    <UnitTest name="サブウィンドウの表示" storage="c:\documents and settings\junji\my documents\visual studio 2008\projects\tlv\test\bin\debug\nu.ojl.mprtos.tlv.test.dll" id="7c7d94e0-f4e5-0a1c-9114-cccf6ff5ef63">
      <Css projectStructure="" iteration="" />
      <Owners>
        <Owner name="" />
      </Owners>
      <Execution id="4d3815b5-776f-4496-89c9-a529208f1738" />
      <TestMethod codeBase="C:\Documents and Settings\junji\My Documents\Visual Studio 2008\Projects\TLV\Test\bin\Debug\NU.OJL.MPRTOS.TLV.Test.dll" adapterTypeName="Microsoft.VisualStudio.TestTools.TestTypes.Unit.UnitTestAdapter, Microsoft.VisualStudio.QualityTools.Tips.UnitTest.Adapter, Version=9.0.0.0, Culture=neutral, PublicKeyToken=b03f5f7f11d50a3a" className="NU.OJL.MPRTOS.TLV.Test.サブウィンドウ管理, NU.OJL.MPRTOS.TLV.Test" name="サブウィンドウの表示" />
    </UnitTest>
    <UnitTest name="MainPanelTest" storage="c:\documents and settings\junji\my documents\visual studio 2008\projects\tlv\test\bin\debug\nu.ojl.mprtos.tlv.test.dll" id="13217adb-c851-e01b-9aa8-9f7189360a63">
      <Css projectStructure="" iteration="" />
      <Owners>
        <Owner name="" />
      </Owners>
      <Execution id="968adfa4-c3e0-4f6b-a842-2dccd4062031" />
      <TestMethod codeBase="C:\Documents and Settings\junji\My Documents\Visual Studio 2008\Projects\TLV\Test\bin\Debug\NU.OJL.MPRTOS.TLV.Test.dll" adapterTypeName="Microsoft.VisualStudio.TestTools.TestTypes.Unit.UnitTestAdapter, Microsoft.VisualStudio.QualityTools.Tips.UnitTest.Adapter, Version=9.0.0.0, Culture=neutral, PublicKeyToken=b03f5f7f11d50a3a" className="NU.OJL.MPRTOS.TLV.Test.WindowManagerTest, NU.OJL.MPRTOS.TLV.Test" name="MainPanelTest" />
    </UnitTest>
    <UnitTest name="AutoHideSubWindowTest" storage="c:\documents and settings\junji\my documents\visual studio 2008\projects\tlv\test\bin\debug\nu.ojl.mprtos.tlv.test.dll" id="c5fa65bd-7703-1d30-62d5-192694180686">
      <Css projectStructure="" iteration="" />
      <Owners>
        <Owner name="" />
      </Owners>
      <Execution id="b2f20055-cfc7-4bba-9063-a30ed51927d9" />
      <TestMethod codeBase="C:\Documents and Settings\junji\My Documents\Visual Studio 2008\Projects\TLV\Test\bin\Debug\NU.OJL.MPRTOS.TLV.Test.dll" adapterTypeName="Microsoft.VisualStudio.TestTools.TestTypes.Unit.UnitTestAdapter, Microsoft.VisualStudio.QualityTools.Tips.UnitTest.Adapter, Version=9.0.0.0, Culture=neutral, PublicKeyToken=b03f5f7f11d50a3a" className="NU.OJL.MPRTOS.TLV.Test.WindowManagerTest, NU.OJL.MPRTOS.TLV.Test" name="AutoHideSubWindowTest" />
    </UnitTest>
  </TestDefinitions>
  <TestLists>
    <TestList name="一覧に存在しない結果" id="8c84fa94-04c1-424b-9868-57a2d4851a1d" />
    <TestList name="読み込まれたすべての結果" id="19431567-8539-422a-85d7-44ee4e166bda" />
  </TestLists>
  <TestEntries>
    <TestEntry testId="0db950f3-3573-bde6-cda3-b5cc9f170adc" executionId="30b3b09a-20db-476b-bd0a-c16bc03bac89" testListId="8c84fa94-04c1-424b-9868-57a2d4851a1d" />
    <TestEntry testId="13217adb-c851-e01b-9aa8-9f7189360a63" executionId="968adfa4-c3e0-4f6b-a842-2dccd4062031" testListId="8c84fa94-04c1-424b-9868-57a2d4851a1d" />
    <TestEntry testId="16022dc8-380a-68ca-eea4-0f5d6bc43397" executionId="714e6763-d407-458b-a824-0b446fd104bf" testListId="8c84fa94-04c1-424b-9868-57a2d4851a1d" />
    <TestEntry testId="26208305-4ee1-2bbf-668b-a2a6096ba9af" executionId="cd5ea430-bc11-419b-85ba-8a2ac9ea6b6d" testListId="8c84fa94-04c1-424b-9868-57a2d4851a1d" />
    <TestEntry testId="3e348342-8790-e31d-abb3-3ec459875f94" executionId="a9640a68-5ca3-476d-b30c-4e702d8f8e70" testListId="8c84fa94-04c1-424b-9868-57a2d4851a1d" />
    <TestEntry testId="4366fb21-f797-41ea-f9fa-67661cbd8930" executionId="7e1ec1a8-ecc7-4af9-bec6-19def36062a4" testListId="8c84fa94-04c1-424b-9868-57a2d4851a1d" />
    <TestEntry testId="51decc5c-6228-095a-884b-129b1a3a4f2f" executionId="b723b449-79b2-429e-9c23-d1c16a51687f" testListId="8c84fa94-04c1-424b-9868-57a2d4851a1d" />
    <TestEntry testId="70eb10c6-60d6-1aed-113b-d8ddd59c7274" executionId="9360415b-f657-45c5-b450-193134d071bc" testListId="8c84fa94-04c1-424b-9868-57a2d4851a1d" />
    <TestEntry testId="7c7d94e0-f4e5-0a1c-9114-cccf6ff5ef63" executionId="a9977d36-5834-4fa7-aab9-1067a53bad1c" testListId="8c84fa94-04c1-424b-9868-57a2d4851a1d" />
    <TestEntry testId="ac0a3c32-c791-d575-1a12-d85639611058" executionId="c62dcaab-02de-4f3e-bcd0-689c630eeb53" testListId="8c84fa94-04c1-424b-9868-57a2d4851a1d" />
    <TestEntry testId="ac1d43a1-22f1-2535-f494-f576f97bdc87" executionId="7e1d58d2-ceff-4edd-b0e4-44fdc64e88b0" testListId="8c84fa94-04c1-424b-9868-57a2d4851a1d" />
    <TestEntry testId="c5fa65bd-7703-1d30-62d5-192694180686" executionId="e72853b6-8363-4a48-bbe9-06670d34ac48" testListId="8c84fa94-04c1-424b-9868-57a2d4851a1d" />
    <TestEntry testId="d444c8ef-7a85-3095-10e2-a34420f25e87" executionId="4e28b733-3003-4288-b52e-e789e863ecb3" testListId="8c84fa94-04c1-424b-9868-57a2d4851a1d" />
    <TestEntry testId="e0b78af8-8a90-007d-2a79-f225969e57da" executionId="0f317384-03c5-4cab-a60d-f06f723842f1" testListId="8c84fa94-04c1-424b-9868-57a2d4851a1d" />
    <TestEntry testId="ee373636-ec40-9dc5-890d-b66b2ccb8eb4" executionId="ec7b44a3-5185-41fa-8987-5443606e0542" testListId="8c84fa94-04c1-424b-9868-57a2d4851a1d" />
    <TestEntry testId="f1cfe9b5-f467-e939-f956-35e0d791843c" executionId="dd1bc3c6-3709-4848-a134-3706bea7547b" testListId="8c84fa94-04c1-424b-9868-57a2d4851a1d" />
    <TestEntry testId="ffdba880-057c-4a34-89d4-85578df4a8d0" executionId="bbfa304d-c6c5-4df8-b582-ee5c63436420" testListId="8c84fa94-04c1-424b-9868-57a2d4851a1d" />
  </TestEntries>
  <Results>
    <UnitTestResult executionId="30b3b09a-20db-476b-bd0a-c16bc03bac89" testId="0db950f3-3573-bde6-cda3-b5cc9f170adc" testName="MenuTest" computerName="JUNJI_IBM" duration="00:00:00.3973940" startTime="2008-10-07T05:17:13.1250000+09:00" endTime="2008-10-07T05:17:13.9062500+09:00" testType="13cdc9d9-ddb5-4fa4-a97d-d965ccfc6d4b" outcome="Passed" testListId="8c84fa94-04c1-424b-9868-57a2d4851a1d">
      <Output>
      </Output>
    </UnitTestResult>
    <UnitTestResult executionId="968adfa4-c3e0-4f6b-a842-2dccd4062031" testId="13217adb-c851-e01b-9aa8-9f7189360a63" testName="MainPanelTest" computerName="JUNJI_IBM" duration="00:00:00.3558745" startTime="2008-10-07T05:17:13.9062500+09:00" endTime="2008-10-07T05:17:14.2656250+09:00" testType="13cdc9d9-ddb5-4fa4-a97d-d965ccfc6d4b" outcome="Passed" testListId="8c84fa94-04c1-424b-9868-57a2d4851a1d">
      <Output>
      </Output>
    </UnitTestResult>
    <UnitTestResult executionId="714e6763-d407-458b-a824-0b446fd104bf" testId="16022dc8-380a-68ca-eea4-0f5d6bc43397" testName="ShowSubWindowTest" computerName="JUNJI_IBM" duration="00:00:11.1875000" startTime="2008-10-07T05:17:14.2656250+09:00" endTime="2008-10-07T05:17:25.4531250+09:00" testType="13cdc9d9-ddb5-4fa4-a97d-d965ccfc6d4b" outcome="Aborted" testListId="8c84fa94-04c1-424b-9868-57a2d4851a1d">
      <Output>
        <ErrorInfo>
          <Message>ユーザーがテストの実行を中止しました。</Message>
        </ErrorInfo>
      </Output>
    </UnitTestResult>
    <UnitTestResult executionId="cd5ea430-bc11-419b-85ba-8a2ac9ea6b6d" testId="26208305-4ee1-2bbf-668b-a2a6096ba9af" testName="AutoHideAllSubWindowsTest" computerName="JUNJI_IBM" duration="00:00:00" startTime="0001-01-01T09:00:00.0000000+09:00" endTime="0001-01-01T09:00:00.0000000+09:00" testType="13cdc9d9-ddb5-4fa4-a97d-d965ccfc6d4b" outcome="NotExecuted" testListId="8c84fa94-04c1-424b-9868-57a2d4851a1d">
    </UnitTestResult>
    <UnitTestResult executionId="a9640a68-5ca3-476d-b30c-4e702d8f8e70" testId="3e348342-8790-e31d-abb3-3ec459875f94" testName="HideAllSubWindowsTest" computerName="JUNJI_IBM" duration="00:00:00" startTime="0001-01-01T09:00:00.0000000+09:00" endTime="0001-01-01T09:00:00.0000000+09:00" testType="13cdc9d9-ddb5-4fa4-a97d-d965ccfc6d4b" outcome="NotExecuted" testListId="8c84fa94-04c1-424b-9868-57a2d4851a1d">
    </UnitTestResult>
    <UnitTestResult executionId="7e1ec1a8-ecc7-4af9-bec6-19def36062a4" testId="4366fb21-f797-41ea-f9fa-67661cbd8930" testName="SubWindowCountTest" computerName="JUNJI_IBM" duration="00:00:00" startTime="0001-01-01T09:00:00.0000000+09:00" endTime="0001-01-01T09:00:00.0000000+09:00" testType="13cdc9d9-ddb5-4fa4-a97d-d965ccfc6d4b" outcome="NotExecuted" testListId="8c84fa94-04c1-424b-9868-57a2d4851a1d">
    </UnitTestResult>
    <UnitTestResult executionId="b723b449-79b2-429e-9c23-d1c16a51687f" testId="51decc5c-6228-095a-884b-129b1a3a4f2f" testName="ContainSubWindowTest" computerName="JUNJI_IBM" duration="00:00:00" startTime="0001-01-01T09:00:00.0000000+09:00" endTime="0001-01-01T09:00:00.0000000+09:00" testType="13cdc9d9-ddb5-4fa4-a97d-d965ccfc6d4b" outcome="NotExecuted" testListId="8c84fa94-04c1-424b-9868-57a2d4851a1d">
    </UnitTestResult>
    <UnitTestResult executionId="9360415b-f657-45c5-b450-193134d071bc" testId="70eb10c6-60d6-1aed-113b-d8ddd59c7274" testName="ShowAllSubWindowsTest" computerName="JUNJI_IBM" duration="00:00:00" startTime="0001-01-01T09:00:00.0000000+09:00" endTime="0001-01-01T09:00:00.0000000+09:00" testType="13cdc9d9-ddb5-4fa4-a97d-d965ccfc6d4b" outcome="NotExecuted" testListId="8c84fa94-04c1-424b-9868-57a2d4851a1d">
    </UnitTestResult>
    <UnitTestResult executionId="a9977d36-5834-4fa7-aab9-1067a53bad1c" testId="7c7d94e0-f4e5-0a1c-9114-cccf6ff5ef63" testName="サブウィンドウの表示" computerName="JUNJI_IBM" duration="00:00:00" startTime="0001-01-01T09:00:00.0000000+09:00" endTime="0001-01-01T09:00:00.0000000+09:00" testType="13cdc9d9-ddb5-4fa4-a97d-d965ccfc6d4b" outcome="NotExecuted" testListId="8c84fa94-04c1-424b-9868-57a2d4851a1d">
    </UnitTestResult>
    <UnitTestResult executionId="c62dcaab-02de-4f3e-bcd0-689c630eeb53" testId="ac0a3c32-c791-d575-1a12-d85639611058" testName="SubWindowsTest" computerName="JUNJI_IBM" duration="00:00:00" startTime="0001-01-01T09:00:00.0000000+09:00" endTime="0001-01-01T09:00:00.0000000+09:00" testType="13cdc9d9-ddb5-4fa4-a97d-d965ccfc6d4b" outcome="NotExecuted" testListId="8c84fa94-04c1-424b-9868-57a2d4851a1d">
    </UnitTestResult>
    <UnitTestResult executionId="7e1d58d2-ceff-4edd-b0e4-44fdc64e88b0" testId="ac1d43a1-22f1-2535-f494-f576f97bdc87" testName="サブウィンドウ追加" computerName="JUNJI_IBM" duration="00:00:00" startTime="0001-01-01T09:00:00.0000000+09:00" endTime="0001-01-01T09:00:00.0000000+09:00" testType="13cdc9d9-ddb5-4fa4-a97d-d965ccfc6d4b" outcome="NotExecuted" testListId="8c84fa94-04c1-424b-9868-57a2d4851a1d">
    </UnitTestResult>
    <UnitTestResult executionId="e72853b6-8363-4a48-bbe9-06670d34ac48" testId="c5fa65bd-7703-1d30-62d5-192694180686" testName="AutoHideSubWindowTest" computerName="JUNJI_IBM" duration="00:00:00" startTime="0001-01-01T09:00:00.0000000+09:00" endTime="0001-01-01T09:00:00.0000000+09:00" testType="13cdc9d9-ddb5-4fa4-a97d-d965ccfc6d4b" outcome="NotExecuted" testListId="8c84fa94-04c1-424b-9868-57a2d4851a1d">
    </UnitTestResult>
    <UnitTestResult executionId="4e28b733-3003-4288-b52e-e789e863ecb3" testId="d444c8ef-7a85-3095-10e2-a34420f25e87" testName="サブウィンドウの非表示" computerName="JUNJI_IBM" duration="00:00:00" startTime="0001-01-01T09:00:00.0000000+09:00" endTime="0001-01-01T09:00:00.0000000+09:00" testType="13cdc9d9-ddb5-4fa4-a97d-d965ccfc6d4b" outcome="NotExecuted" testListId="8c84fa94-04c1-424b-9868-57a2d4851a1d">
    </UnitTestResult>
    <UnitTestResult executionId="0f317384-03c5-4cab-a60d-f06f723842f1" testId="e0b78af8-8a90-007d-2a79-f225969e57da" testName="ParentTest" computerName="JUNJI_IBM" duration="00:00:00" startTime="0001-01-01T09:00:00.0000000+09:00" endTime="0001-01-01T09:00:00.0000000+09:00" testType="13cdc9d9-ddb5-4fa4-a97d-d965ccfc6d4b" outcome="NotExecuted" testListId="8c84fa94-04c1-424b-9868-57a2d4851a1d">
    </UnitTestResult>
    <UnitTestResult executionId="ec7b44a3-5185-41fa-8987-5443606e0542" testId="ee373636-ec40-9dc5-890d-b66b2ccb8eb4" testName="HideSubWindowTest" computerName="JUNJI_IBM" duration="00:00:00" startTime="0001-01-01T09:00:00.0000000+09:00" endTime="0001-01-01T09:00:00.0000000+09:00" testType="13cdc9d9-ddb5-4fa4-a97d-d965ccfc6d4b" outcome="NotExecuted" testListId="8c84fa94-04c1-424b-9868-57a2d4851a1d">
    </UnitTestResult>
    <UnitTestResult executionId="dd1bc3c6-3709-4848-a134-3706bea7547b" testId="f1cfe9b5-f467-e939-f956-35e0d791843c" testName="AddSubWindowTest" computerName="JUNJI_IBM" duration="00:00:00" startTime="0001-01-01T09:00:00.0000000+09:00" endTime="0001-01-01T09:00:00.0000000+09:00" testType="13cdc9d9-ddb5-4fa4-a97d-d965ccfc6d4b" outcome="NotExecuted" testListId="8c84fa94-04c1-424b-9868-57a2d4851a1d">
    </UnitTestResult>
    <UnitTestResult executionId="bbfa304d-c6c5-4df8-b582-ee5c63436420" testId="ffdba880-057c-4a34-89d4-85578df4a8d0" testName="GetSubWindowTest" computerName="JUNJI_IBM" duration="00:00:00" startTime="0001-01-01T09:00:00.0000000+09:00" endTime="0001-01-01T09:00:00.0000000+09:00" testType="13cdc9d9-ddb5-4fa4-a97d-d965ccfc6d4b" outcome="NotExecuted" testListId="8c84fa94-04c1-424b-9868-57a2d4851a1d">
    </UnitTestResult>
  </Results>
</TestRun>