<?xml version="1.0" encoding="UTF-8"?>
<TestRun id="5e764ad1-56a0-40b9-a9b0-1bd19be77e44" name="junji@JUNJI_X200 2008-12-19 14:37:52" runUser="JUNJI_X200\junji" xmlns="http://microsoft.com/schemas/VisualStudio/TeamTest/2006">
  <TestRunConfiguration name="既定の実行構成" id="56a48fdf-ed3d-44c8-a2f3-167a245b4b96">
    <Deployment runDeploymentRoot="C:\junji\doc\school\ojl\tlv\src\TestResults\junji_JUNJI_X200 2008-12-19 14_37_52">
      <DeploymentItem filename="C:\junji\doc\school\ojl\tlv\src\Core\bin\Debug\NU.OJL.MPRTOS.TLV.Core.dll" />
      <DeploymentItem filename="C:\junji\doc\school\ojl\tlv\src\Third\bin\Debug\NU.OJL.MPRTOS.TLV.Third.dll" />
      <DeploymentItem filename="C:\junji\doc\school\ojl\tlv\src\Base\bin\Debug\NU.OJL.MPRTOS.TLV.Base.dll" />
    </Deployment>
    <Hosts skipUnhostableTests="false" />
    <TestTypeSpecific />
  </TestRunConfiguration>
  <ResultSummary outcome="Aborted">
    <Counters total="1" executed="1" error="0" failed="0" timeout="0" aborted="1" inconclusive="0" passedButRunAborted="0" notRunnable="0" notExecuted="0" disconnected="0" warning="0" passed="0" completed="0" inProgress="0" pending="0" />
  </ResultSummary>
  <Times creation="2008-12-19T14:37:52.6406250+09:00" queuing="2008-12-19T14:37:53.3125000+09:00" start="2008-12-19T14:37:53.5312500+09:00" finish="2008-12-19T14:38:23.4375000+09:00" />
  <TestDefinitions>
    <UnitTest name="ToStringTest" storage="c:\junji\doc\school\ojl\tlv\src\test\bin\debug\test.dll" id="8953f5e7-8b98-238c-a76e-e00cfa56be20">
      <Css projectStructure="" iteration="" />
      <Owners>
        <Owner name="" />
      </Owners>
      <Execution id="552eb969-a918-44d2-adbc-a247098fa62c" />
      <TestMethod codeBase="C:\junji\doc\school\ojl\tlv\src\Test\bin\Debug\Test.dll" adapterTypeName="Microsoft.VisualStudio.TestTools.TestTypes.Unit.UnitTestAdapter, Microsoft.VisualStudio.QualityTools.Tips.UnitTest.Adapter, Version=9.0.0.0, Culture=neutral, PublicKeyToken=b03f5f7f11d50a3a" className="Test.DecimalExtensionTest, Test" name="ToStringTest" />
    </UnitTest>
  </TestDefinitions>
  <TestLists>
    <TestList name="一覧に存在しない結果" id="8c84fa94-04c1-424b-9868-57a2d4851a1d" />
    <TestList name="読み込まれたすべての結果" id="19431567-8539-422a-85d7-44ee4e166bda" />
  </TestLists>
  <TestEntries>
    <TestEntry testId="8953f5e7-8b98-238c-a76e-e00cfa56be20" executionId="552eb969-a918-44d2-adbc-a247098fa62c" testListId="8c84fa94-04c1-424b-9868-57a2d4851a1d" />
  </TestEntries>
  <Results>
    <UnitTestResult executionId="552eb969-a918-44d2-adbc-a247098fa62c" testId="8953f5e7-8b98-238c-a76e-e00cfa56be20" testName="ToStringTest" computerName="JUNJI_X200" duration="00:00:24.6875000" startTime="2008-12-19T14:37:53.6250000+09:00" endTime="2008-12-19T14:38:18.3125000+09:00" testType="13cdc9d9-ddb5-4fa4-a97d-d965ccfc6d4b" outcome="Aborted" testListId="8c84fa94-04c1-424b-9868-57a2d4851a1d">
      <Output>
        <ErrorInfo>
          <Message>ユーザーがテストの実行を中止しました。</Message>
        </ErrorInfo>
      </Output>
    </UnitTestResult>
  </Results>
</TestRun>