<?xml version="1.0" encoding="UTF-8"?>
<TestRun id="eb27744a-29ec-4080-9c47-e0c1513ee692" name="junji@JUNJI_X200 2008-12-19 14:54:44" runUser="JUNJI_X200\junji" xmlns="http://microsoft.com/schemas/VisualStudio/TeamTest/2006">
  <TestRunConfiguration name="既定の実行構成" id="9bb51c47-b782-4c7a-8b65-b08c5e7926a3">
    <Deployment runDeploymentRoot="C:\junji\doc\school\ojl\tlv\src\TestResults\junji_JUNJI_X200 2008-12-19 14_54_44">
      <DeploymentItem filename="C:\junji\doc\school\ojl\tlv\src\Core\bin\Debug\NU.OJL.MPRTOS.TLV.Core.dll" />
      <DeploymentItem filename="C:\junji\doc\school\ojl\tlv\src\Third\bin\Debug\NU.OJL.MPRTOS.TLV.Third.dll" />
      <DeploymentItem filename="C:\junji\doc\school\ojl\tlv\src\Base\bin\Debug\NU.OJL.MPRTOS.TLV.Base.dll" />
    </Deployment>
    <Hosts skipUnhostableTests="false" />
    <TestTypeSpecific />
  </TestRunConfiguration>
  <ResultSummary outcome="Completed">
    <Counters total="1" executed="1" passed="1" error="0" failed="0" timeout="0" aborted="0" inconclusive="0" passedButRunAborted="0" notRunnable="0" notExecuted="0" disconnected="0" warning="0" completed="0" inProgress="0" pending="0" />
  </ResultSummary>
  <Times creation="2008-12-19T14:54:44.0312500+09:00" queuing="2008-12-19T14:54:44.7343750+09:00" start="2008-12-19T14:54:44.9687500+09:00" finish="2008-12-19T14:54:45.3593750+09:00" />
  <TestDefinitions>
    <UnitTest name="ToStringTest" storage="c:\junji\doc\school\ojl\tlv\src\test\bin\debug\test.dll" id="8953f5e7-8b98-238c-a76e-e00cfa56be20">
      <Css projectStructure="" iteration="" />
      <Owners>
        <Owner name="" />
      </Owners>
      <Execution id="ef1c7e14-3924-489e-8cd7-714455ea25f3" />
      <TestMethod codeBase="C:\junji\doc\school\ojl\tlv\src\Test\bin\Debug\Test.dll" adapterTypeName="Microsoft.VisualStudio.TestTools.TestTypes.Unit.UnitTestAdapter, Microsoft.VisualStudio.QualityTools.Tips.UnitTest.Adapter, Version=9.0.0.0, Culture=neutral, PublicKeyToken=b03f5f7f11d50a3a" className="Test.DecimalExtensionTest, Test" name="ToStringTest" />
    </UnitTest>
  </TestDefinitions>
  <TestLists>
    <TestList name="一覧に存在しない結果" id="8c84fa94-04c1-424b-9868-57a2d4851a1d" />
    <TestList name="読み込まれたすべての結果" id="19431567-8539-422a-85d7-44ee4e166bda" />
  </TestLists>
  <TestEntries>
    <TestEntry testId="8953f5e7-8b98-238c-a76e-e00cfa56be20" executionId="ef1c7e14-3924-489e-8cd7-714455ea25f3" testListId="8c84fa94-04c1-424b-9868-57a2d4851a1d" />
  </TestEntries>
  <Results>
    <UnitTestResult executionId="ef1c7e14-3924-489e-8cd7-714455ea25f3" testId="8953f5e7-8b98-238c-a76e-e00cfa56be20" testName="ToStringTest" computerName="JUNJI_X200" duration="00:00:00.0146166" startTime="2008-12-19T14:54:45.0468750+09:00" endTime="2008-12-19T14:54:45.3281250+09:00" testType="13cdc9d9-ddb5-4fa4-a97d-d965ccfc6d4b" outcome="Passed" testListId="8c84fa94-04c1-424b-9868-57a2d4851a1d">
      <Output>
      </Output>
    </UnitTestResult>
  </Results>
</TestRun>