<?xml version="1.0" encoding="UTF-8"?>
<TestRun id="69cffc62-1b28-47f9-aeba-b306af0e847a" name="junji@JUNJI_X200 2008-12-19 14:46:58" runUser="JUNJI_X200\junji" xmlns="http://microsoft.com/schemas/VisualStudio/TeamTest/2006">
  <TestRunConfiguration name="既定の実行構成" id="bdb461e4-e5fc-4fd8-aa1d-a361e9d425ba">
    <Deployment runDeploymentRoot="C:\junji\doc\school\ojl\tlv\src\TestResults\junji_JUNJI_X200 2008-12-19 14_46_58">
      <DeploymentItem filename="C:\junji\doc\school\ojl\tlv\src\Core\bin\Debug\NU.OJL.MPRTOS.TLV.Core.dll" />
      <DeploymentItem filename="C:\junji\doc\school\ojl\tlv\src\Third\bin\Debug\NU.OJL.MPRTOS.TLV.Third.dll" />
      <DeploymentItem filename="C:\junji\doc\school\ojl\tlv\src\Base\bin\Debug\NU.OJL.MPRTOS.TLV.Base.dll" />
    </Deployment>
    <Hosts skipUnhostableTests="false" />
    <TestTypeSpecific />
  </TestRunConfiguration>
  <ResultSummary outcome="Failed">
    <Counters total="1" executed="1" error="0" failed="1" timeout="0" aborted="0" inconclusive="0" passedButRunAborted="0" notRunnable="0" notExecuted="0" disconnected="0" warning="0" passed="0" completed="0" inProgress="0" pending="0" />
  </ResultSummary>
  <Times creation="2008-12-19T14:46:58.3906250+09:00" queuing="2008-12-19T14:46:58.9375000+09:00" start="2008-12-19T14:46:58.9531250+09:00" finish="2008-12-19T14:46:59.2343750+09:00" />
  <TestDefinitions>
    <UnitTest name="ToStringTest" storage="c:\junji\doc\school\ojl\tlv\src\test\bin\debug\test.dll" id="8953f5e7-8b98-238c-a76e-e00cfa56be20">
      <Css projectStructure="" iteration="" />
      <Owners>
        <Owner name="" />
      </Owners>
      <Execution id="693fb256-54a2-4daf-8fb3-703eee243347" />
      <TestMethod codeBase="C:\junji\doc\school\ojl\tlv\src\Test\bin\Debug\Test.dll" adapterTypeName="Microsoft.VisualStudio.TestTools.TestTypes.Unit.UnitTestAdapter, Microsoft.VisualStudio.QualityTools.Tips.UnitTest.Adapter, Version=9.0.0.0, Culture=neutral, PublicKeyToken=b03f5f7f11d50a3a" className="Test.DecimalExtensionTest, Test" name="ToStringTest" />
    </UnitTest>
  </TestDefinitions>
  <TestLists>
    <TestList name="一覧に存在しない結果" id="8c84fa94-04c1-424b-9868-57a2d4851a1d" />
    <TestList name="読み込まれたすべての結果" id="19431567-8539-422a-85d7-44ee4e166bda" />
  </TestLists>
  <TestEntries>
    <TestEntry testId="8953f5e7-8b98-238c-a76e-e00cfa56be20" executionId="693fb256-54a2-4daf-8fb3-703eee243347" testListId="8c84fa94-04c1-424b-9868-57a2d4851a1d" />
  </TestEntries>
  <Results>
    <UnitTestResult executionId="693fb256-54a2-4daf-8fb3-703eee243347" testId="8953f5e7-8b98-238c-a76e-e00cfa56be20" testName="ToStringTest" computerName="JUNJI_X200" duration="00:00:00.0410532" startTime="2008-12-19T14:46:58.9843750+09:00" endTime="2008-12-19T14:46:59.2343750+09:00" testType="13cdc9d9-ddb5-4fa4-a97d-d965ccfc6d4b" outcome="Failed" testListId="8c84fa94-04c1-424b-9868-57a2d4851a1d">
      <Output>
        <ErrorInfo>
          <Message>Assert.AreEqual に失敗しました。&lt;97&gt; が必要ですが、&lt;a&gt; が指定されました。</Message>
          <StackTrace>   場所 Test.DecimalExtensionTest.test(String s, Decimal v, Int32 r) 場所 C:\junji\doc\school\ojl\tlv\src\Test\DecimalExtensionTest.cs:行 68
   場所 Test.DecimalExtensionTest.ToStringTest() 場所 C:\junji\doc\school\ojl\tlv\src\Test\DecimalExtensionTest.cs:行 81
</StackTrace>
        </ErrorInfo>
      </Output>
    </UnitTestResult>
  </Results>
</TestRun>