<?xml version="1.0" encoding="UTF-8"?>
<TestRun id="820ff189-15f5-4f06-bf3f-4713437d11aa" name="junji@JUNJI_X200 2008-12-25 01:30:40" runUser="JUNJI_X200\junji" xmlns="http://microsoft.com/schemas/VisualStudio/TeamTest/2006">
  <TestRunConfiguration name="既定の実行構成" id="388faa3c-17ff-4426-8b69-a8478d77f11a">
    <Deployment runDeploymentRoot="C:\junji\doc\school\ojl\tlv\src\TestResults\junji_JUNJI_X200 2008-12-25 01_30_40">
      <DeploymentItem filename="C:\junji\doc\school\ojl\tlv\src\Core\bin\Debug\NU.OJL.MPRTOS.TLV.Core.dll" />
      <DeploymentItem filename="C:\junji\doc\school\ojl\tlv\src\Third\bin\Debug\NU.OJL.MPRTOS.TLV.Third.dll" />
      <DeploymentItem filename="C:\junji\doc\school\ojl\tlv\src\Base\bin\Debug\NU.OJL.MPRTOS.TLV.Base.dll" />
    </Deployment>
    <Hosts skipUnhostableTests="false" />
    <TestTypeSpecific />
  </TestRunConfiguration>
  <ResultSummary outcome="Failed">
    <Counters total="1" executed="1" error="0" failed="1" timeout="0" aborted="0" inconclusive="0" passedButRunAborted="0" notRunnable="0" notExecuted="0" disconnected="0" warning="0" passed="0" completed="0" inProgress="0" pending="0" />
  </ResultSummary>
  <Times creation="2008-12-25T01:30:40.3125000+09:00" queuing="2008-12-25T01:30:41.9062500+09:00" start="2008-12-25T01:30:42.1406250+09:00" finish="2008-12-25T01:30:58.1875000+09:00" />
  <TestDefinitions>
    <UnitTest name="op_AdditionTest" storage="c:\junji\doc\school\ojl\tlv\src\test\bin\debug\test.dll" id="9a7c7a44-7cb8-2cef-d8c4-073b3e2da935">
      <Css projectStructure="" iteration="" />
      <Owners>
        <Owner name="" />
      </Owners>
      <Execution id="c311212b-c1e8-44ba-bdbf-f127e531090a" />
      <TestMethod codeBase="C:\junji\doc\school\ojl\tlv\src\Test\bin\Debug\Test.dll" adapterTypeName="Microsoft.VisualStudio.TestTools.TestTypes.Unit.UnitTestAdapter, Microsoft.VisualStudio.QualityTools.Tips.UnitTest.Adapter, Version=9.0.0.0, Culture=neutral, PublicKeyToken=b03f5f7f11d50a3a" className="Test.LogDataEnumeableTest, Test" name="op_AdditionTest" />
    </UnitTest>
  </TestDefinitions>
  <TestLists>
    <TestList name="一覧に存在しない結果" id="8c84fa94-04c1-424b-9868-57a2d4851a1d" />
    <TestList name="読み込まれたすべての結果" id="19431567-8539-422a-85d7-44ee4e166bda" />
  </TestLists>
  <TestEntries>
    <TestEntry testId="9a7c7a44-7cb8-2cef-d8c4-073b3e2da935" executionId="c311212b-c1e8-44ba-bdbf-f127e531090a" testListId="8c84fa94-04c1-424b-9868-57a2d4851a1d" />
  </TestEntries>
  <Results>
    <UnitTestResult executionId="c311212b-c1e8-44ba-bdbf-f127e531090a" testId="9a7c7a44-7cb8-2cef-d8c4-073b3e2da935" testName="op_AdditionTest" computerName="JUNJI_X200" duration="00:00:15.4406269" startTime="2008-12-25T01:30:42.2500000+09:00" endTime="2008-12-25T01:30:58.0937500+09:00" testType="13cdc9d9-ddb5-4fa4-a97d-d965ccfc6d4b" outcome="Failed" testListId="8c84fa94-04c1-424b-9868-57a2d4851a1d">
      <Output>
        <ErrorInfo>
          <Message>Assert.AreEqual に失敗しました。&lt;NU.OJL.MPRTOS.TLV.Core.LogData&gt; が必要ですが、&lt;NU.OJL.MPRTOS.TLV.Core.LogData&gt; が指定されました。</Message>
          <StackTrace>   場所 Test.LogDataEnumeableTest.op_AdditionTest() 場所 C:\junji\doc\school\ojl\tlv\src\Test\LogDataEnumeableTest.cs:行 109
</StackTrace>
        </ErrorInfo>
      </Output>
    </UnitTestResult>
  </Results>
</TestRun>